# JRE version: Java(TM) SE Runtime Environment (8.0_301-b09) (build 1.8.0_301-b09)
# Java VM: Java HotSpot(TM) 64-Bit Server VM (25.301-b09 mixed mode windows-amd64 compressed oops)
Heap:
 PSYoungGen      total 55296K, used 11685K [0x00000000d5d00000, 0x00000000d9a00000, 0x0000000100000000)
  eden space 50176K, 23% used [0x00000000d5d00000,0x00000000d6869718,0x00000000d8e00000)
  from space 5120K, 0% used [0x00000000d9500000,0x00000000d9500000,0x00000000d9a00000)
  to   space 5120K, 0% used [0x00000000d9000000,0x00000000d9000000,0x00000000d9500000)
 ParOldGen       total 99840K, used 17514K [0x0000000081600000, 0x0000000087780000, 0x00000000d5d00000)
  object space 99840K, 17% used [0x0000000081600000,0x000000008271aba0,0x0000000087780000)
 Metaspace       used 35892K, capacity 36196K, committed 36568K, reserved 1081344K
  class space    used 4504K, capacity 4619K, committed 4736K, reserved 1048576K
GC Heap History (10 events):
Event: 5.752 GC heap before
{Heap before GC invocations=2 (full 0):
 PSYoungGen      total 38400K, used 18735K [0x00000000d5d00000, 0x00000000d8780000, 0x0000000100000000)
  eden space 33280K, 40% used [0x00000000d5d00000,0x00000000d6a4c058,0x00000000d7d80000)
  from space 5120K, 99% used [0x00000000d7d80000,0x00000000d827fd68,0x00000000d8280000)
  to   space 5120K, 0% used [0x00000000d8280000,0x00000000d8280000,0x00000000d8780000)
 ParOldGen       total 87552K, used 14327K [0x0000000081600000, 0x0000000086b80000, 0x00000000d5d00000)
  object space 87552K, 16% used [0x0000000081600000,0x00000000823fdc78,0x0000000086b80000)
 Metaspace       used 20936K, capacity 21136K, committed 21248K, reserved 1067008K
  class space    used 2659K, capacity 2741K, committed 2816K, reserved 1048576K
Event: 5.762 GC heap after
Heap after GC invocations=2 (full 0):
 PSYoungGen      total 38400K, used 5106K [0x00000000d5d00000, 0x00000000da800000, 0x0000000100000000)
  eden space 33280K, 0% used [0x00000000d5d00000,0x00000000d5d00000,0x00000000d7d80000)
  from space 5120K, 99% used [0x00000000d8280000,0x00000000d877c910,0x00000000d8780000)
  to   space 5120K, 0% used [0x00000000d7d80000,0x00000000d7d80000,0x00000000d8280000)
 ParOldGen       total 87552K, used 16549K [0x0000000081600000, 0x0000000086b80000, 0x00000000d5d00000)
  object space 87552K, 18% used [0x0000000081600000,0x00000000826295c8,0x0000000086b80000)
 Metaspace       used 20936K, capacity 21136K, committed 21248K, reserved 1067008K
  class space    used 2659K, capacity 2741K, committed 2816K, reserved 1048576K
}
Event: 5.762 GC heap before
{Heap before GC invocations=3 (full 1):
 PSYoungGen      total 38400K, used 5106K [0x00000000d5d00000, 0x00000000da800000, 0x0000000100000000)
  eden space 33280K, 0% used [0x00000000d5d00000,0x00000000d5d00000,0x00000000d7d80000)
  from space 5120K, 99% used [0x00000000d8280000,0x00000000d877c910,0x00000000d8780000)
  to   space 5120K, 0% used [0x00000000d7d80000,0x00000000d7d80000,0x00000000d8280000)
 ParOldGen       total 87552K, used 16549K [0x0000000081600000, 0x0000000086b80000, 0x00000000d5d00000)
  object space 87552K, 18% used [0x0000000081600000,0x00000000826295c8,0x0000000086b80000)
 Metaspace       used 20936K, capacity 21136K, committed 21248K, reserved 1067008K
  class space    used 2659K, capacity 2741K, committed 2816K, reserved 1048576K
Event: 5.807 GC heap after
Heap after GC invocations=3 (full 1):
 PSYoungGen      total 38400K, used 0K [0x00000000d5d00000, 0x00000000da800000, 0x0000000100000000)
  eden space 33280K, 0% used [0x00000000d5d00000,0x00000000d5d00000,0x00000000d7d80000)
  from space 5120K, 0% used [0x00000000d8280000,0x00000000d8280000,0x00000000d8780000)
  to   space 5120K, 0% used [0x00000000d7d80000,0x00000000d7d80000,0x00000000d8280000)
 ParOldGen       total 74752K, used 11010K [0x0000000081600000, 0x0000000085f00000, 0x00000000d5d00000)
  object space 74752K, 14% used [0x0000000081600000,0x00000000820c0b68,0x0000000085f00000)
 Metaspace       used 20936K, capacity 21136K, committed 21248K, reserved 1067008K
  class space    used 2659K, capacity 2741K, committed 2816K, reserved 1048576K
}
Event: 8.844 GC heap before
{Heap before GC invocations=4 (full 1):
 PSYoungGen      total 38400K, used 33280K [0x00000000d5d00000, 0x00000000da800000, 0x0000000100000000)
  eden space 33280K, 100% used [0x00000000d5d00000,0x00000000d7d80000,0x00000000d7d80000)
  from space 5120K, 0% used [0x00000000d8280000,0x00000000d8280000,0x00000000d8780000)
  to   space 5120K, 0% used [0x00000000d7d80000,0x00000000d7d80000,0x00000000d8280000)
 ParOldGen       total 74752K, used 11010K [0x0000000081600000, 0x0000000085f00000, 0x00000000d5d00000)
  object space 74752K, 14% used [0x0000000081600000,0x00000000820c0b68,0x0000000085f00000)
 Metaspace       used 29351K, capacity 29624K, committed 29952K, reserved 1075200K
  class space    used 3624K, capacity 3715K, committed 3840K, reserved 1048576K
Event: 8.855 GC heap after
Heap after GC invocations=4 (full 1):
 PSYoungGen      total 38400K, used 5107K [0x00000000d5d00000, 0x00000000d9a00000, 0x0000000100000000)
  eden space 33280K, 0% used [0x00000000d5d00000,0x00000000d5d00000,0x00000000d7d80000)
  from space 5120K, 99% used [0x00000000d7d80000,0x00000000d827ce00,0x00000000d8280000)
  to   space 5120K, 0% used [0x00000000d9500000,0x00000000d9500000,0x00000000d9a00000)
 ParOldGen       total 74752K, used 14560K [0x0000000081600000, 0x0000000085f00000, 0x00000000d5d00000)
  object space 74752K, 19% used [0x0000000081600000,0x0000000082438100,0x0000000085f00000)
 Metaspace       used 29351K, capacity 29624K, committed 29952K, reserved 1075200K
  class space    used 3624K, capacity 3715K, committed 3840K, reserved 1048576K
}
Event: 18.836 GC heap before
{Heap before GC invocations=5 (full 1):
 PSYoungGen      total 38400K, used 35188K [0x00000000d5d00000, 0x00000000d9a00000, 0x0000000100000000)
  eden space 33280K, 90% used [0x00000000d5d00000,0x00000000d7a60530,0x00000000d7d80000)
  from space 5120K, 99% used [0x00000000d7d80000,0x00000000d827ce00,0x00000000d8280000)
  to   space 5120K, 0% used [0x00000000d9500000,0x00000000d9500000,0x00000000d9a00000)
 ParOldGen       total 74752K, used 14560K [0x0000000081600000, 0x0000000085f00000, 0x00000000d5d00000)
  object space 74752K, 19% used [0x0000000081600000,0x0000000082438100,0x0000000085f00000)
 Metaspace       used 34842K, capacity 35102K, committed 35416K, reserved 1081344K
  class space    used 4394K, capacity 4490K, committed 4608K, reserved 1048576K
Event: 18.849 GC heap after
Heap after GC invocations=5 (full 1):
 PSYoungGen      total 55296K, used 5111K [0x00000000d5d00000, 0x00000000d9a00000, 0x0000000100000000)
  eden space 50176K, 0% used [0x00000000d5d00000,0x00000000d5d00000,0x00000000d8e00000)
  from space 5120K, 99% used [0x00000000d9500000,0x00000000d99fdd48,0x00000000d9a00000)
  to   space 5120K, 0% used [0x00000000d9000000,0x00000000d9000000,0x00000000d9500000)
 ParOldGen       total 74752K, used 19805K [0x0000000081600000, 0x0000000085f00000, 0x00000000d5d00000)
  object space 74752K, 26% used [0x0000000081600000,0x0000000082957468,0x0000000085f00000)
 Metaspace       used 34842K, capacity 35102K, committed 35416K, reserved 1081344K
  class space    used 4394K, capacity 4490K, committed 4608K, reserved 1048576K
}
Event: 18.849 GC heap before
{Heap before GC invocations=6 (full 2):
 PSYoungGen      total 55296K, used 5111K [0x00000000d5d00000, 0x00000000d9a00000, 0x0000000100000000)
  eden space 50176K, 0% used [0x00000000d5d00000,0x00000000d5d00000,0x00000000d8e00000)
  from space 5120K, 99% used [0x00000000d9500000,0x00000000d99fdd48,0x00000000d9a00000)
  to   space 5120K, 0% used [0x00000000d9000000,0x00000000d9000000,0x00000000d9500000)
 ParOldGen       total 74752K, used 19805K [0x0000000081600000, 0x0000000085f00000, 0x00000000d5d00000)
  object space 74752K, 26% used [0x0000000081600000,0x0000000082957468,0x0000000085f00000)
 Metaspace       used 34842K, capacity 35102K, committed 35416K, reserved 1081344K
  class space    used 4394K, capacity 4490K, committed 4608K, reserved 1048576K
Event: 18.932 GC heap after
Heap after GC invocations=6 (full 2):
 PSYoungGen      total 55296K, used 0K [0x00000000d5d00000, 0x00000000d9a00000, 0x0000000100000000)
  eden space 50176K, 0% used [0x00000000d5d00000,0x00000000d5d00000,0x00000000d8e00000)
  from space 5120K, 0% used [0x00000000d9500000,0x00000000d9500000,0x00000000d9a00000)
  to   space 5120K, 0% used [0x00000000d9000000,0x00000000d9000000,0x00000000d9500000)
 ParOldGen       total 99840K, used 17514K [0x0000000081600000, 0x0000000087780000, 0x00000000d5d00000)
  object space 99840K, 17% used [0x0000000081600000,0x000000008271aba0,0x0000000087780000)
 Metaspace       used 34842K, capacity 35102K, committed 35416K, reserved 1081344K
  class space    used 4394K, capacity 4490K, committed 4608K, reserved 1048576K
}

