# JRE version: Java(TM) SE Runtime Environment (8.0_291-b10) (build 1.8.0_291-b10)
# Java VM: Java HotSpot(TM) 64-Bit Server VM (25.291-b10 mixed mode windows-amd64 compressed oops)
Heap:
 PSYoungGen      total 91648K, used 10721K [0x00000000d5d00000, 0x00000000dcd80000, 0x0000000100000000)
  eden space 69632K, 15% used [0x00000000d5d00000,0x00000000d6778688,0x00000000da100000)
  from space 22016K, 0% used [0x00000000db680000,0x00000000db680000,0x00000000dcc00000)
  to   space 22016K, 0% used [0x00000000da100000,0x00000000da100000,0x00000000db680000)
 ParOldGen       total 110592K, used 19038K [0x0000000081600000, 0x0000000088200000, 0x00000000d5d00000)
  object space 110592K, 17% used [0x0000000081600000,0x0000000082897b00,0x0000000088200000)
 Metaspace       used 35959K, capacity 36260K, committed 36648K, reserved 1081344K
  class space    used 4446K, capacity 4555K, committed 4656K, reserved 1048576K
GC Heap History (10 events):
Event: 7.164 GC heap before
{Heap before GC invocations=5 (full 1):
 PSYoungGen      total 38400K, used 38384K [0x00000000d5d00000, 0x00000000d9780000, 0x0000000100000000)
  eden space 33280K, 100% used [0x00000000d5d00000,0x00000000d7d80000,0x00000000d7d80000)
  from space 5120K, 99% used [0x00000000d7d80000,0x00000000d827c0a0,0x00000000d8280000)
  to   space 5120K, 0% used [0x00000000d9280000,0x00000000d9280000,0x00000000d9780000)
 ParOldGen       total 76800K, used 15287K [0x0000000081600000, 0x0000000086100000, 0x00000000d5d00000)
  object space 76800K, 19% used [0x0000000081600000,0x00000000824edfe0,0x0000000086100000)
 Metaspace       used 30890K, capacity 31176K, committed 31536K, reserved 1077248K
  class space    used 3744K, capacity 3845K, committed 3888K, reserved 1048576K
Event: 7.173 GC heap after
Heap after GC invocations=5 (full 1):
 PSYoungGen      total 54272K, used 5099K [0x00000000d5d00000, 0x00000000d9780000, 0x0000000100000000)
  eden space 49152K, 0% used [0x00000000d5d00000,0x00000000d5d00000,0x00000000d8d00000)
  from space 5120K, 99% used [0x00000000d9280000,0x00000000d977aee8,0x00000000d9780000)
  to   space 5120K, 0% used [0x00000000d8d80000,0x00000000d8d80000,0x00000000d9280000)
 ParOldGen       total 76800K, used 18013K [0x0000000081600000, 0x0000000086100000, 0x00000000d5d00000)
  object space 76800K, 23% used [0x0000000081600000,0x00000000827975f8,0x0000000086100000)
 Metaspace       used 30890K, capacity 31176K, committed 31536K, reserved 1077248K
  class space    used 3744K, capacity 3845K, committed 3888K, reserved 1048576K
}
Event: 11.053 GC heap before
{Heap before GC invocations=6 (full 1):
 PSYoungGen      total 54272K, used 20939K [0x00000000d5d00000, 0x00000000d9780000, 0x0000000100000000)
  eden space 49152K, 32% used [0x00000000d5d00000,0x00000000d6c77ec0,0x00000000d8d00000)
  from space 5120K, 99% used [0x00000000d9280000,0x00000000d977aee8,0x00000000d9780000)
  to   space 5120K, 0% used [0x00000000d8d80000,0x00000000d8d80000,0x00000000d9280000)
 ParOldGen       total 76800K, used 18013K [0x0000000081600000, 0x0000000086100000, 0x00000000d5d00000)
  object space 76800K, 23% used [0x0000000081600000,0x00000000827975f8,0x0000000086100000)
 Metaspace       used 34954K, capacity 35230K, committed 35496K, reserved 1081344K
  class space    used 4331K, capacity 4426K, committed 4528K, reserved 1048576K
Event: 11.058 GC heap after
Heap after GC invocations=6 (full 1):
 PSYoungGen      total 54784K, used 5090K [0x00000000d5d00000, 0x00000000dcc00000, 0x0000000100000000)
  eden space 49664K, 0% used [0x00000000d5d00000,0x00000000d5d00000,0x00000000d8d80000)
  from space 5120K, 99% used [0x00000000d8d80000,0x00000000d9278ac8,0x00000000d9280000)
  to   space 22016K, 0% used [0x00000000db680000,0x00000000db680000,0x00000000dcc00000)
 ParOldGen       total 76800K, used 20478K [0x0000000081600000, 0x0000000086100000, 0x00000000d5d00000)
  object space 76800K, 26% used [0x0000000081600000,0x00000000829ffbb0,0x0000000086100000)
 Metaspace       used 34954K, capacity 35230K, committed 35496K, reserved 1081344K
  class space    used 4331K, capacity 4426K, committed 4528K, reserved 1048576K
}
Event: 11.058 GC heap before
{Heap before GC invocations=7 (full 2):
 PSYoungGen      total 54784K, used 5090K [0x00000000d5d00000, 0x00000000dcc00000, 0x0000000100000000)
  eden space 49664K, 0% used [0x00000000d5d00000,0x00000000d5d00000,0x00000000d8d80000)
  from space 5120K, 99% used [0x00000000d8d80000,0x00000000d9278ac8,0x00000000d9280000)
  to   space 22016K, 0% used [0x00000000db680000,0x00000000db680000,0x00000000dcc00000)
 ParOldGen       total 76800K, used 20478K [0x0000000081600000, 0x0000000086100000, 0x00000000d5d00000)
  object space 76800K, 26% used [0x0000000081600000,0x00000000829ffbb0,0x0000000086100000)
 Metaspace       used 34954K, capacity 35230K, committed 35496K, reserved 1081344K
  class space    used 4331K, capacity 4426K, committed 4528K, reserved 1048576K
Event: 11.109 GC heap after
Heap after GC invocations=7 (full 2):
 PSYoungGen      total 54784K, used 0K [0x00000000d5d00000, 0x00000000dcc00000, 0x0000000100000000)
  eden space 49664K, 0% used [0x00000000d5d00000,0x00000000d5d00000,0x00000000d8d80000)
  from space 5120K, 0% used [0x00000000d8d80000,0x00000000d8d80000,0x00000000d9280000)
  to   space 22016K, 0% used [0x00000000db680000,0x00000000db680000,0x00000000dcc00000)
 ParOldGen       total 110592K, used 16477K [0x0000000081600000, 0x0000000088200000, 0x00000000d5d00000)
  object space 110592K, 14% used [0x0000000081600000,0x0000000082617778,0x0000000088200000)
 Metaspace       used 34954K, capacity 35230K, committed 35496K, reserved 1081344K
  class space    used 4331K, capacity 4426K, committed 4528K, reserved 1048576K
}
Event: 12.673 GC heap before
{Heap before GC invocations=8 (full 2):
 PSYoungGen      total 54784K, used 12265K [0x00000000d5d00000, 0x00000000dcc00000, 0x0000000100000000)
  eden space 49664K, 24% used [0x00000000d5d00000,0x00000000d68fa690,0x00000000d8d80000)
  from space 5120K, 0% used [0x00000000d8d80000,0x00000000d8d80000,0x00000000d9280000)
  to   space 22016K, 0% used [0x00000000db680000,0x00000000db680000,0x00000000dcc00000)
 ParOldGen       total 110592K, used 16477K [0x0000000081600000, 0x0000000088200000, 0x00000000d5d00000)
  object space 110592K, 14% used [0x0000000081600000,0x0000000082617778,0x0000000088200000)
 Metaspace       used 35487K, capacity 35806K, committed 36008K, reserved 1081344K
  class space    used 4383K, capacity 4490K, committed 4528K, reserved 1048576K
Event: 12.675 GC heap after
Heap after GC invocations=8 (full 2):
 PSYoungGen      total 91648K, used 6014K [0x00000000d5d00000, 0x00000000dcd80000, 0x0000000100000000)
  eden space 69632K, 0% used [0x00000000d5d00000,0x00000000d5d00000,0x00000000da100000)
  from space 22016K, 27% used [0x00000000db680000,0x00000000dbc5fb10,0x00000000dcc00000)
  to   space 22016K, 0% used [0x00000000da100000,0x00000000da100000,0x00000000db680000)
 ParOldGen       total 110592K, used 16485K [0x0000000081600000, 0x0000000088200000, 0x00000000d5d00000)
  object space 110592K, 14% used [0x0000000081600000,0x0000000082619778,0x0000000088200000)
 Metaspace       used 35487K, capacity 35806K, committed 36008K, reserved 1081344K
  class space    used 4383K, capacity 4490K, committed 4528K, reserved 1048576K
}
Event: 12.675 GC heap before
{Heap before GC invocations=9 (full 3):
 PSYoungGen      total 91648K, used 6014K [0x00000000d5d00000, 0x00000000dcd80000, 0x0000000100000000)
  eden space 69632K, 0% used [0x00000000d5d00000,0x00000000d5d00000,0x00000000da100000)
  from space 22016K, 27% used [0x00000000db680000,0x00000000dbc5fb10,0x00000000dcc00000)
  to   space 22016K, 0% used [0x00000000da100000,0x00000000da100000,0x00000000db680000)
 ParOldGen       total 110592K, used 16485K [0x0000000081600000, 0x0000000088200000, 0x00000000d5d00000)
  object space 110592K, 14% used [0x0000000081600000,0x0000000082619778,0x0000000088200000)
 Metaspace       used 35487K, capacity 35806K, committed 36008K, reserved 1081344K
  class space    used 4383K, capacity 4490K, committed 4528K, reserved 1048576K
Event: 12.750 GC heap after
Heap after GC invocations=9 (full 3):
 PSYoungGen      total 91648K, used 0K [0x00000000d5d00000, 0x00000000dcd80000, 0x0000000100000000)
  eden space 69632K, 0% used [0x00000000d5d00000,0x00000000d5d00000,0x00000000da100000)
  from space 22016K, 0% used [0x00000000db680000,0x00000000db680000,0x00000000dcc00000)
  to   space 22016K, 0% used [0x00000000da100000,0x00000000da100000,0x00000000db680000)
 ParOldGen       total 110592K, used 19038K [0x0000000081600000, 0x0000000088200000, 0x00000000d5d00000)
  object space 110592K, 17% used [0x0000000081600000,0x0000000082897b00,0x0000000088200000)
 Metaspace       used 35487K, capacity 35806K, committed 36008K, reserved 1081344K
  class space    used 4383K, capacity 4490K, committed 4528K, reserved 1048576K
}

