# JRE version: Java(TM) SE Runtime Environment (8.0_291-b10) (build 1.8.0_291-b10)
# Java VM: Java HotSpot(TM) 64-Bit Server VM (25.291-b10 mixed mode windows-amd64 compressed oops)
Heap:
 PSYoungGen      total 88576K, used 11858K [0x00000000d5d00000, 0x00000000dc700000, 0x0000000100000000)
  eden space 69632K, 17% used [0x00000000d5d00000,0x00000000d68948d0,0x00000000da100000)
  from space 18944K, 0% used [0x00000000db480000,0x00000000db480000,0x00000000dc700000)
  to   space 19456K, 0% used [0x00000000da100000,0x00000000da100000,0x00000000db400000)
 ParOldGen       total 109056K, used 18689K [0x0000000081600000, 0x0000000088080000, 0x00000000d5d00000)
  object space 109056K, 17% used [0x0000000081600000,0x00000000828405b8,0x0000000088080000)
 Metaspace       used 35943K, capacity 36196K, committed 36648K, reserved 1081344K
  class space    used 4445K, capacity 4555K, committed 4656K, reserved 1048576K
GC Heap History (10 events):
Event: 7.372 GC heap before
{Heap before GC invocations=5 (full 1):
 PSYoungGen      total 38400K, used 38379K [0x00000000d5d00000, 0x00000000d9780000, 0x0000000100000000)
  eden space 33280K, 100% used [0x00000000d5d00000,0x00000000d7d80000,0x00000000d7d80000)
  from space 5120K, 99% used [0x00000000d7d80000,0x00000000d827afc8,0x00000000d8280000)
  to   space 5120K, 0% used [0x00000000d9280000,0x00000000d9280000,0x00000000d9780000)
 ParOldGen       total 73728K, used 14931K [0x0000000081600000, 0x0000000085e00000, 0x00000000d5d00000)
  object space 73728K, 20% used [0x0000000081600000,0x0000000082494d80,0x0000000085e00000)
 Metaspace       used 30894K, capacity 31180K, committed 31536K, reserved 1077248K
  class space    used 3731K, capacity 3845K, committed 3888K, reserved 1048576K
Event: 7.383 GC heap after
Heap after GC invocations=5 (full 1):
 PSYoungGen      total 54272K, used 5107K [0x00000000d5d00000, 0x00000000d9780000, 0x0000000100000000)
  eden space 49152K, 0% used [0x00000000d5d00000,0x00000000d5d00000,0x00000000d8d00000)
  from space 5120K, 99% used [0x00000000d9280000,0x00000000d977cf08,0x00000000d9780000)
  to   space 5120K, 0% used [0x00000000d8d80000,0x00000000d8d80000,0x00000000d9280000)
 ParOldGen       total 73728K, used 17828K [0x0000000081600000, 0x0000000085e00000, 0x00000000d5d00000)
  object space 73728K, 24% used [0x0000000081600000,0x00000000827690e0,0x0000000085e00000)
 Metaspace       used 30894K, capacity 31180K, committed 31536K, reserved 1077248K
  class space    used 3731K, capacity 3845K, committed 3888K, reserved 1048576K
}
Event: 11.012 GC heap before
{Heap before GC invocations=6 (full 1):
 PSYoungGen      total 54272K, used 19147K [0x00000000d5d00000, 0x00000000d9780000, 0x0000000100000000)
  eden space 49152K, 28% used [0x00000000d5d00000,0x00000000d6ab5db0,0x00000000d8d00000)
  from space 5120K, 99% used [0x00000000d9280000,0x00000000d977cf08,0x00000000d9780000)
  to   space 5120K, 0% used [0x00000000d8d80000,0x00000000d8d80000,0x00000000d9280000)
 ParOldGen       total 73728K, used 17828K [0x0000000081600000, 0x0000000085e00000, 0x00000000d5d00000)
  object space 73728K, 24% used [0x0000000081600000,0x00000000827690e0,0x0000000085e00000)
 Metaspace       used 35001K, capacity 35230K, committed 35496K, reserved 1081344K
  class space    used 4345K, capacity 4426K, committed 4528K, reserved 1048576K
Event: 11.021 GC heap after
Heap after GC invocations=6 (full 1):
 PSYoungGen      total 54784K, used 5110K [0x00000000d5d00000, 0x00000000dc780000, 0x0000000100000000)
  eden space 49664K, 0% used [0x00000000d5d00000,0x00000000d5d00000,0x00000000d8d80000)
  from space 5120K, 99% used [0x00000000d8d80000,0x00000000d927d858,0x00000000d9280000)
  to   space 19456K, 0% used [0x00000000db480000,0x00000000db480000,0x00000000dc780000)
 ParOldGen       total 73728K, used 20041K [0x0000000081600000, 0x0000000085e00000, 0x00000000d5d00000)
  object space 73728K, 27% used [0x0000000081600000,0x00000000829925c0,0x0000000085e00000)
 Metaspace       used 35001K, capacity 35230K, committed 35496K, reserved 1081344K
  class space    used 4345K, capacity 4426K, committed 4528K, reserved 1048576K
}
Event: 11.021 GC heap before
{Heap before GC invocations=7 (full 2):
 PSYoungGen      total 54784K, used 5110K [0x00000000d5d00000, 0x00000000dc780000, 0x0000000100000000)
  eden space 49664K, 0% used [0x00000000d5d00000,0x00000000d5d00000,0x00000000d8d80000)
  from space 5120K, 99% used [0x00000000d8d80000,0x00000000d927d858,0x00000000d9280000)
  to   space 19456K, 0% used [0x00000000db480000,0x00000000db480000,0x00000000dc780000)
 ParOldGen       total 73728K, used 20041K [0x0000000081600000, 0x0000000085e00000, 0x00000000d5d00000)
  object space 73728K, 27% used [0x0000000081600000,0x00000000829925c0,0x0000000085e00000)
 Metaspace       used 35001K, capacity 35230K, committed 35496K, reserved 1081344K
  class space    used 4345K, capacity 4426K, committed 4528K, reserved 1048576K
Event: 11.102 GC heap after
Heap after GC invocations=7 (full 2):
 PSYoungGen      total 54784K, used 0K [0x00000000d5d00000, 0x00000000dc780000, 0x0000000100000000)
  eden space 49664K, 0% used [0x00000000d5d00000,0x00000000d5d00000,0x00000000d8d80000)
  from space 5120K, 0% used [0x00000000d8d80000,0x00000000d8d80000,0x00000000d9280000)
  to   space 19456K, 0% used [0x00000000db480000,0x00000000db480000,0x00000000dc780000)
 ParOldGen       total 109056K, used 16505K [0x0000000081600000, 0x0000000088080000, 0x00000000d5d00000)
  object space 109056K, 15% used [0x0000000081600000,0x000000008261e500,0x0000000088080000)
 Metaspace       used 35001K, capacity 35230K, committed 35496K, reserved 1081344K
  class space    used 4345K, capacity 4426K, committed 4528K, reserved 1048576K
}
Event: 12.358 GC heap before
{Heap before GC invocations=8 (full 2):
 PSYoungGen      total 54784K, used 11280K [0x00000000d5d00000, 0x00000000dc780000, 0x0000000100000000)
  eden space 49664K, 22% used [0x00000000d5d00000,0x00000000d68041f8,0x00000000d8d80000)
  from space 5120K, 0% used [0x00000000d8d80000,0x00000000d8d80000,0x00000000d9280000)
  to   space 19456K, 0% used [0x00000000db480000,0x00000000db480000,0x00000000dc780000)
 ParOldGen       total 109056K, used 16505K [0x0000000081600000, 0x0000000088080000, 0x00000000d5d00000)
  object space 109056K, 15% used [0x0000000081600000,0x000000008261e500,0x0000000088080000)
 Metaspace       used 35400K, capacity 35678K, committed 36008K, reserved 1081344K
  class space    used 4382K, capacity 4490K, committed 4528K, reserved 1048576K
Event: 12.363 GC heap after
Heap after GC invocations=8 (full 2):
 PSYoungGen      total 88576K, used 5029K [0x00000000d5d00000, 0x00000000dc700000, 0x0000000100000000)
  eden space 69632K, 0% used [0x00000000d5d00000,0x00000000d5d00000,0x00000000da100000)
  from space 18944K, 26% used [0x00000000db480000,0x00000000db969408,0x00000000dc700000)
  to   space 19456K, 0% used [0x00000000da100000,0x00000000da100000,0x00000000db400000)
 ParOldGen       total 109056K, used 16513K [0x0000000081600000, 0x0000000088080000, 0x00000000d5d00000)
  object space 109056K, 15% used [0x0000000081600000,0x0000000082620500,0x0000000088080000)
 Metaspace       used 35400K, capacity 35678K, committed 36008K, reserved 1081344K
  class space    used 4382K, capacity 4490K, committed 4528K, reserved 1048576K
}
Event: 12.363 GC heap before
{Heap before GC invocations=9 (full 3):
 PSYoungGen      total 88576K, used 5029K [0x00000000d5d00000, 0x00000000dc700000, 0x0000000100000000)
  eden space 69632K, 0% used [0x00000000d5d00000,0x00000000d5d00000,0x00000000da100000)
  from space 18944K, 26% used [0x00000000db480000,0x00000000db969408,0x00000000dc700000)
  to   space 19456K, 0% used [0x00000000da100000,0x00000000da100000,0x00000000db400000)
 ParOldGen       total 109056K, used 16513K [0x0000000081600000, 0x0000000088080000, 0x00000000d5d00000)
  object space 109056K, 15% used [0x0000000081600000,0x0000000082620500,0x0000000088080000)
 Metaspace       used 35400K, capacity 35678K, committed 36008K, reserved 1081344K
  class space    used 4382K, capacity 4490K, committed 4528K, reserved 1048576K
Event: 12.557 GC heap after
Heap after GC invocations=9 (full 3):
 PSYoungGen      total 88576K, used 0K [0x00000000d5d00000, 0x00000000dc700000, 0x0000000100000000)
  eden space 69632K, 0% used [0x00000000d5d00000,0x00000000d5d00000,0x00000000da100000)
  from space 18944K, 0% used [0x00000000db480000,0x00000000db480000,0x00000000dc700000)
  to   space 19456K, 0% used [0x00000000da100000,0x00000000da100000,0x00000000db400000)
 ParOldGen       total 109056K, used 18689K [0x0000000081600000, 0x0000000088080000, 0x00000000d5d00000)
  object space 109056K, 17% used [0x0000000081600000,0x00000000828405b8,0x0000000088080000)
 Metaspace       used 35400K, capacity 35678K, committed 36008K, reserved 1081344K
  class space    used 4382K, capacity 4490K, committed 4528K, reserved 1048576K
}

