# JRE version: Java(TM) SE Runtime Environment (8.0_291-b10) (build 1.8.0_291-b10)
# Java VM: Java HotSpot(TM) 64-Bit Server VM (25.291-b10 mixed mode windows-amd64 compressed oops)
Heap:
 PSYoungGen      total 94208K, used 12039K [0x00000000d5d00000, 0x00000000dd380000, 0x0000000100000000)
  eden space 72192K, 16% used [0x00000000d5d00000,0x00000000d68c1cb0,0x00000000da380000)
  from space 22016K, 0% used [0x00000000db900000,0x00000000db900000,0x00000000dce80000)
  to   space 22016K, 0% used [0x00000000da380000,0x00000000da380000,0x00000000db900000)
 ParOldGen       total 104448K, used 19076K [0x0000000081600000, 0x0000000087c00000, 0x00000000d5d00000)
  object space 104448K, 18% used [0x0000000081600000,0x00000000828a11a8,0x0000000087c00000)
 Metaspace       used 36139K, capacity 36420K, committed 36648K, reserved 1081344K
  class space    used 4466K, capacity 4587K, committed 4648K, reserved 1048576K
GC Heap History (10 events):
Event: 7.344 GC heap before
{Heap before GC invocations=5 (full 1):
 PSYoungGen      total 38400K, used 38393K [0x00000000d5d00000, 0x00000000d9880000, 0x0000000100000000)
  eden space 33280K, 100% used [0x00000000d5d00000,0x00000000d7d80000,0x00000000d7d80000)
  from space 5120K, 99% used [0x00000000d7d80000,0x00000000d827e530,0x00000000d8280000)
  to   space 5120K, 0% used [0x00000000d9380000,0x00000000d9380000,0x00000000d9880000)
 ParOldGen       total 76800K, used 16940K [0x0000000081600000, 0x0000000086100000, 0x00000000d5d00000)
  object space 76800K, 22% used [0x0000000081600000,0x000000008268b390,0x0000000086100000)
 Metaspace       used 30809K, capacity 31116K, committed 31280K, reserved 1077248K
  class space    used 3732K, capacity 3845K, committed 3888K, reserved 1048576K
Event: 7.354 GC heap after
Heap after GC invocations=5 (full 1):
 PSYoungGen      total 55296K, used 5115K [0x00000000d5d00000, 0x00000000d9880000, 0x0000000100000000)
  eden space 50176K, 0% used [0x00000000d5d00000,0x00000000d5d00000,0x00000000d8e00000)
  from space 5120K, 99% used [0x00000000d9380000,0x00000000d987ef08,0x00000000d9880000)
  to   space 5120K, 0% used [0x00000000d8e80000,0x00000000d8e80000,0x00000000d9380000)
 ParOldGen       total 76800K, used 19665K [0x0000000081600000, 0x0000000086100000, 0x00000000d5d00000)
  object space 76800K, 25% used [0x0000000081600000,0x0000000082934588,0x0000000086100000)
 Metaspace       used 30809K, capacity 31116K, committed 31280K, reserved 1077248K
  class space    used 3732K, capacity 3845K, committed 3888K, reserved 1048576K
}
Event: 15.091 GC heap before
{Heap before GC invocations=6 (full 1):
 PSYoungGen      total 55296K, used 23721K [0x00000000d5d00000, 0x00000000d9880000, 0x0000000100000000)
  eden space 50176K, 37% used [0x00000000d5d00000,0x00000000d6f2b8b0,0x00000000d8e00000)
  from space 5120K, 99% used [0x00000000d9380000,0x00000000d987ef08,0x00000000d9880000)
  to   space 5120K, 0% used [0x00000000d8e80000,0x00000000d8e80000,0x00000000d9380000)
 ParOldGen       total 76800K, used 19665K [0x0000000081600000, 0x0000000086100000, 0x00000000d5d00000)
  object space 76800K, 25% used [0x0000000081600000,0x0000000082934588,0x0000000086100000)
 Metaspace       used 35017K, capacity 35294K, committed 35496K, reserved 1081344K
  class space    used 4326K, capacity 4426K, committed 4520K, reserved 1048576K
Event: 15.096 GC heap after
Heap after GC invocations=6 (full 1):
 PSYoungGen      total 55808K, used 5115K [0x00000000d5d00000, 0x00000000dce80000, 0x0000000100000000)
  eden space 50688K, 0% used [0x00000000d5d00000,0x00000000d5d00000,0x00000000d8e80000)
  from space 5120K, 99% used [0x00000000d8e80000,0x00000000d937ed28,0x00000000d9380000)
  to   space 22016K, 0% used [0x00000000db900000,0x00000000db900000,0x00000000dce80000)
 ParOldGen       total 76800K, used 22225K [0x0000000081600000, 0x0000000086100000, 0x00000000d5d00000)
  object space 76800K, 28% used [0x0000000081600000,0x0000000082bb45f8,0x0000000086100000)
 Metaspace       used 35017K, capacity 35294K, committed 35496K, reserved 1081344K
  class space    used 4326K, capacity 4426K, committed 4520K, reserved 1048576K
}
Event: 15.096 GC heap before
{Heap before GC invocations=7 (full 2):
 PSYoungGen      total 55808K, used 5115K [0x00000000d5d00000, 0x00000000dce80000, 0x0000000100000000)
  eden space 50688K, 0% used [0x00000000d5d00000,0x00000000d5d00000,0x00000000d8e80000)
  from space 5120K, 99% used [0x00000000d8e80000,0x00000000d937ed28,0x00000000d9380000)
  to   space 22016K, 0% used [0x00000000db900000,0x00000000db900000,0x00000000dce80000)
 ParOldGen       total 76800K, used 22225K [0x0000000081600000, 0x0000000086100000, 0x00000000d5d00000)
  object space 76800K, 28% used [0x0000000081600000,0x0000000082bb45f8,0x0000000086100000)
 Metaspace       used 35017K, capacity 35294K, committed 35496K, reserved 1081344K
  class space    used 4326K, capacity 4426K, committed 4520K, reserved 1048576K
Event: 15.136 GC heap after
Heap after GC invocations=7 (full 2):
 PSYoungGen      total 55808K, used 0K [0x00000000d5d00000, 0x00000000dce80000, 0x0000000100000000)
  eden space 50688K, 0% used [0x00000000d5d00000,0x00000000d5d00000,0x00000000d8e80000)
  from space 5120K, 0% used [0x00000000d8e80000,0x00000000d8e80000,0x00000000d9380000)
  to   space 22016K, 0% used [0x00000000db900000,0x00000000db900000,0x00000000dce80000)
 ParOldGen       total 104448K, used 16523K [0x0000000081600000, 0x0000000087c00000, 0x00000000d5d00000)
  object space 104448K, 15% used [0x0000000081600000,0x0000000082622d38,0x0000000087c00000)
 Metaspace       used 35017K, capacity 35294K, committed 35496K, reserved 1081344K
  class space    used 4326K, capacity 4426K, committed 4520K, reserved 1048576K
}
Event: 16.528 GC heap before
{Heap before GC invocations=8 (full 2):
 PSYoungGen      total 55808K, used 12514K [0x00000000d5d00000, 0x00000000dce80000, 0x0000000100000000)
  eden space 50688K, 24% used [0x00000000d5d00000,0x00000000d6938870,0x00000000d8e80000)
  from space 5120K, 0% used [0x00000000d8e80000,0x00000000d8e80000,0x00000000d9380000)
  to   space 22016K, 0% used [0x00000000db900000,0x00000000db900000,0x00000000dce80000)
 ParOldGen       total 104448K, used 16523K [0x0000000081600000, 0x0000000087c00000, 0x00000000d5d00000)
  object space 104448K, 15% used [0x0000000081600000,0x0000000082622d38,0x0000000087c00000)
 Metaspace       used 35544K, capacity 35870K, committed 36008K, reserved 1081344K
  class space    used 4382K, capacity 4490K, committed 4520K, reserved 1048576K
Event: 16.534 GC heap after
Heap after GC invocations=8 (full 2):
 PSYoungGen      total 94208K, used 5489K [0x00000000d5d00000, 0x00000000dd380000, 0x0000000100000000)
  eden space 72192K, 0% used [0x00000000d5d00000,0x00000000d5d00000,0x00000000da380000)
  from space 22016K, 24% used [0x00000000db900000,0x00000000dbe5c650,0x00000000dce80000)
  to   space 22016K, 0% used [0x00000000da380000,0x00000000da380000,0x00000000db900000)
 ParOldGen       total 104448K, used 16531K [0x0000000081600000, 0x0000000087c00000, 0x00000000d5d00000)
  object space 104448K, 15% used [0x0000000081600000,0x0000000082624d38,0x0000000087c00000)
 Metaspace       used 35544K, capacity 35870K, committed 36008K, reserved 1081344K
  class space    used 4382K, capacity 4490K, committed 4520K, reserved 1048576K
}
Event: 16.534 GC heap before
{Heap before GC invocations=9 (full 3):
 PSYoungGen      total 94208K, used 5489K [0x00000000d5d00000, 0x00000000dd380000, 0x0000000100000000)
  eden space 72192K, 0% used [0x00000000d5d00000,0x00000000d5d00000,0x00000000da380000)
  from space 22016K, 24% used [0x00000000db900000,0x00000000dbe5c650,0x00000000dce80000)
  to   space 22016K, 0% used [0x00000000da380000,0x00000000da380000,0x00000000db900000)
 ParOldGen       total 104448K, used 16531K [0x0000000081600000, 0x0000000087c00000, 0x00000000d5d00000)
  object space 104448K, 15% used [0x0000000081600000,0x0000000082624d38,0x0000000087c00000)
 Metaspace       used 35544K, capacity 35870K, committed 36008K, reserved 1081344K
  class space    used 4382K, capacity 4490K, committed 4520K, reserved 1048576K
Event: 16.685 GC heap after
Heap after GC invocations=9 (full 3):
 PSYoungGen      total 94208K, used 0K [0x00000000d5d00000, 0x00000000dd380000, 0x0000000100000000)
  eden space 72192K, 0% used [0x00000000d5d00000,0x00000000d5d00000,0x00000000da380000)
  from space 22016K, 0% used [0x00000000db900000,0x00000000db900000,0x00000000dce80000)
  to   space 22016K, 0% used [0x00000000da380000,0x00000000da380000,0x00000000db900000)
 ParOldGen       total 104448K, used 19076K [0x0000000081600000, 0x0000000087c00000, 0x00000000d5d00000)
  object space 104448K, 18% used [0x0000000081600000,0x00000000828a11a8,0x0000000087c00000)
 Metaspace       used 35544K, capacity 35870K, committed 36008K, reserved 1081344K
  class space    used 4382K, capacity 4490K, committed 4520K, reserved 1048576K
}

