# JRE version: Java(TM) SE Runtime Environment (8.0_291-b10) (build 1.8.0_291-b10)
# Java VM: Java HotSpot(TM) 64-Bit Server VM (25.291-b10 mixed mode windows-amd64 compressed oops)
Heap:
 PSYoungGen      total 59904K, used 16061K [0x00000000d5d00000, 0x00000000dd900000, 0x0000000100000000)
  eden space 54784K, 29% used [0x00000000d5d00000,0x00000000d6caf730,0x00000000d9280000)
  from space 5120K, 0% used [0x00000000d9280000,0x00000000d9280000,0x00000000d9780000)
  to   space 19456K, 0% used [0x00000000dc600000,0x00000000dc600000,0x00000000dd900000)
 ParOldGen       total 101888K, used 16674K [0x0000000081600000, 0x0000000087980000, 0x00000000d5d00000)
  object space 101888K, 16% used [0x0000000081600000,0x0000000082648918,0x0000000087980000)
 Metaspace       used 36646K, capacity 36964K, committed 37160K, reserved 1081344K
  class space    used 4522K, capacity 4619K, committed 4656K, reserved 1048576K
GC Heap History (10 events):
Event: 5.265 GC heap before
{Heap before GC invocations=3 (full 1):
 PSYoungGen      total 38400K, used 5105K [0x00000000d5d00000, 0x00000000d8780000, 0x0000000100000000)
  eden space 33280K, 0% used [0x00000000d5d00000,0x00000000d5d00000,0x00000000d7d80000)
  from space 5120K, 99% used [0x00000000d8280000,0x00000000d877c728,0x00000000d8780000)
  to   space 5120K, 0% used [0x00000000d7d80000,0x00000000d7d80000,0x00000000d8280000)
 ParOldGen       total 87552K, used 21510K [0x0000000081600000, 0x0000000086b80000, 0x00000000d5d00000)
  object space 87552K, 24% used [0x0000000081600000,0x0000000082b01998,0x0000000086b80000)
 Metaspace       used 20969K, capacity 21232K, committed 21296K, reserved 1069056K
  class space    used 2505K, capacity 2581K, committed 2608K, reserved 1048576K
Event: 5.287 GC heap after
Heap after GC invocations=3 (full 1):
 PSYoungGen      total 38400K, used 0K [0x00000000d5d00000, 0x00000000d8780000, 0x0000000100000000)
  eden space 33280K, 0% used [0x00000000d5d00000,0x00000000d5d00000,0x00000000d7d80000)
  from space 5120K, 0% used [0x00000000d8280000,0x00000000d8280000,0x00000000d8780000)
  to   space 5120K, 0% used [0x00000000d7d80000,0x00000000d7d80000,0x00000000d8280000)
 ParOldGen       total 69632K, used 12862K [0x0000000081600000, 0x0000000085a00000, 0x00000000d5d00000)
  object space 69632K, 18% used [0x0000000081600000,0x000000008228fbf0,0x0000000085a00000)
 Metaspace       used 20969K, capacity 21232K, committed 21296K, reserved 1069056K
  class space    used 2505K, capacity 2581K, committed 2608K, reserved 1048576K
}
Event: 6.052 GC heap before
{Heap before GC invocations=4 (full 1):
 PSYoungGen      total 38400K, used 33280K [0x00000000d5d00000, 0x00000000d8780000, 0x0000000100000000)
  eden space 33280K, 100% used [0x00000000d5d00000,0x00000000d7d80000,0x00000000d7d80000)
  from space 5120K, 0% used [0x00000000d8280000,0x00000000d8280000,0x00000000d8780000)
  to   space 5120K, 0% used [0x00000000d7d80000,0x00000000d7d80000,0x00000000d8280000)
 ParOldGen       total 69632K, used 12862K [0x0000000081600000, 0x0000000085a00000, 0x00000000d5d00000)
  object space 69632K, 18% used [0x0000000081600000,0x000000008228fbf0,0x0000000085a00000)
 Metaspace       used 28303K, capacity 28562K, committed 28848K, reserved 1075200K
  class space    used 3398K, capacity 3490K, committed 3504K, reserved 1048576K
Event: 6.055 GC heap after
Heap after GC invocations=4 (full 1):
 PSYoungGen      total 38400K, used 5088K [0x00000000d5d00000, 0x00000000d9c80000, 0x0000000100000000)
  eden space 33280K, 0% used [0x00000000d5d00000,0x00000000d5d00000,0x00000000d7d80000)
  from space 5120K, 99% used [0x00000000d7d80000,0x00000000d82782b0,0x00000000d8280000)
  to   space 5120K, 0% used [0x00000000d9780000,0x00000000d9780000,0x00000000d9c80000)
 ParOldGen       total 69632K, used 14898K [0x0000000081600000, 0x0000000085a00000, 0x00000000d5d00000)
  object space 69632K, 21% used [0x0000000081600000,0x000000008248ca58,0x0000000085a00000)
 Metaspace       used 28303K, capacity 28562K, committed 28848K, reserved 1075200K
  class space    used 3398K, capacity 3490K, committed 3504K, reserved 1048576K
}
Event: 6.670 GC heap before
{Heap before GC invocations=5 (full 1):
 PSYoungGen      total 38400K, used 38368K [0x00000000d5d00000, 0x00000000d9c80000, 0x0000000100000000)
  eden space 33280K, 100% used [0x00000000d5d00000,0x00000000d7d80000,0x00000000d7d80000)
  from space 5120K, 99% used [0x00000000d7d80000,0x00000000d82782b0,0x00000000d8280000)
  to   space 5120K, 0% used [0x00000000d9780000,0x00000000d9780000,0x00000000d9c80000)
 ParOldGen       total 69632K, used 14898K [0x0000000081600000, 0x0000000085a00000, 0x00000000d5d00000)
  object space 69632K, 21% used [0x0000000081600000,0x000000008248ca58,0x0000000085a00000)
 Metaspace       used 30742K, capacity 31048K, committed 31280K, reserved 1077248K
  class space    used 3730K, capacity 3845K, committed 3888K, reserved 1048576K
Event: 6.676 GC heap after
Heap after GC invocations=5 (full 1):
 PSYoungGen      total 59904K, used 5091K [0x00000000d5d00000, 0x00000000d9d00000, 0x0000000100000000)
  eden space 54784K, 0% used [0x00000000d5d00000,0x00000000d5d00000,0x00000000d9280000)
  from space 5120K, 99% used [0x00000000d9780000,0x00000000d9c78f38,0x00000000d9c80000)
  to   space 5120K, 0% used [0x00000000d9280000,0x00000000d9280000,0x00000000d9780000)
 ParOldGen       total 69632K, used 17590K [0x0000000081600000, 0x0000000085a00000, 0x00000000d5d00000)
  object space 69632K, 25% used [0x0000000081600000,0x000000008272d9d8,0x0000000085a00000)
 Metaspace       used 30742K, capacity 31048K, committed 31280K, reserved 1077248K
  class space    used 3730K, capacity 3845K, committed 3888K, reserved 1048576K
}
Event: 10.231 GC heap before
{Heap before GC invocations=6 (full 1):
 PSYoungGen      total 59904K, used 19855K [0x00000000d5d00000, 0x00000000d9d00000, 0x0000000100000000)
  eden space 54784K, 26% used [0x00000000d5d00000,0x00000000d6b6aec8,0x00000000d9280000)
  from space 5120K, 99% used [0x00000000d9780000,0x00000000d9c78f38,0x00000000d9c80000)
  to   space 5120K, 0% used [0x00000000d9280000,0x00000000d9280000,0x00000000d9780000)
 ParOldGen       total 69632K, used 17590K [0x0000000081600000, 0x0000000085a00000, 0x00000000d5d00000)
  object space 69632K, 25% used [0x0000000081600000,0x000000008272d9d8,0x0000000085a00000)
 Metaspace       used 34982K, capacity 35262K, committed 35496K, reserved 1081344K
  class space    used 4352K, capacity 4458K, committed 4528K, reserved 1048576K
Event: 10.240 GC heap after
Heap after GC invocations=6 (full 1):
 PSYoungGen      total 59904K, used 5105K [0x00000000d5d00000, 0x00000000dd900000, 0x0000000100000000)
  eden space 54784K, 0% used [0x00000000d5d00000,0x00000000d5d00000,0x00000000d9280000)
  from space 5120K, 99% used [0x00000000d9280000,0x00000000d977c5e8,0x00000000d9780000)
  to   space 19456K, 0% used [0x00000000dc600000,0x00000000dc600000,0x00000000dd900000)
 ParOldGen       total 69632K, used 19812K [0x0000000081600000, 0x0000000085a00000, 0x00000000d5d00000)
  object space 69632K, 28% used [0x0000000081600000,0x0000000082959098,0x0000000085a00000)
 Metaspace       used 34982K, capacity 35262K, committed 35496K, reserved 1081344K
  class space    used 4352K, capacity 4458K, committed 4528K, reserved 1048576K
}
Event: 10.240 GC heap before
{Heap before GC invocations=7 (full 2):
 PSYoungGen      total 59904K, used 5105K [0x00000000d5d00000, 0x00000000dd900000, 0x0000000100000000)
  eden space 54784K, 0% used [0x00000000d5d00000,0x00000000d5d00000,0x00000000d9280000)
  from space 5120K, 99% used [0x00000000d9280000,0x00000000d977c5e8,0x00000000d9780000)
  to   space 19456K, 0% used [0x00000000dc600000,0x00000000dc600000,0x00000000dd900000)
 ParOldGen       total 69632K, used 19812K [0x0000000081600000, 0x0000000085a00000, 0x00000000d5d00000)
  object space 69632K, 28% used [0x0000000081600000,0x0000000082959098,0x0000000085a00000)
 Metaspace       used 34982K, capacity 35262K, committed 35496K, reserved 1081344K
  class space    used 4352K, capacity 4458K, committed 4528K, reserved 1048576K
Event: 10.313 GC heap after
Heap after GC invocations=7 (full 2):
 PSYoungGen      total 59904K, used 0K [0x00000000d5d00000, 0x00000000dd900000, 0x0000000100000000)
  eden space 54784K, 0% used [0x00000000d5d00000,0x00000000d5d00000,0x00000000d9280000)
  from space 5120K, 0% used [0x00000000d9280000,0x00000000d9280000,0x00000000d9780000)
  to   space 19456K, 0% used [0x00000000dc600000,0x00000000dc600000,0x00000000dd900000)
 ParOldGen       total 101888K, used 16674K [0x0000000081600000, 0x0000000087980000, 0x00000000d5d00000)
  object space 101888K, 16% used [0x0000000081600000,0x0000000082648918,0x0000000087980000)
 Metaspace       used 34982K, capacity 35262K, committed 35496K, reserved 1081344K
  class space    used 4352K, capacity 4458K, committed 4528K, reserved 1048576K
}

