# JRE version: Java(TM) SE Runtime Environment (8.0_291-b10) (build 1.8.0_291-b10)
# Java VM: Java HotSpot(TM) 64-Bit Server VM (25.291-b10 mixed mode windows-amd64 compressed oops)
Heap:
 PSYoungGen      total 66048K, used 8957K [0x00000000d5d00000, 0x00000000da280000, 0x0000000100000000)
  eden space 60928K, 14% used [0x00000000d5d00000,0x00000000d65bf700,0x00000000d9880000)
  from space 5120K, 0% used [0x00000000d9a00000,0x00000000d9a00000,0x00000000d9f00000)
  to   space 3584K, 0% used [0x00000000d9f00000,0x00000000d9f00000,0x00000000da280000)
 ParOldGen       total 68608K, used 18395K [0x0000000081600000, 0x0000000085900000, 0x00000000d5d00000)
  object space 68608K, 26% used [0x0000000081600000,0x00000000827f6ce0,0x0000000085900000)
 Metaspace       used 35214K, capacity 35516K, committed 35840K, reserved 1081344K
  class space    used 4430K, capacity 4525K, committed 4608K, reserved 1048576K
GC Heap History (10 events):
Event: 7.955 GC heap before
{Heap before GC invocations=3 (full 1):
 PSYoungGen      total 38400K, used 5092K [0x00000000d5d00000, 0x00000000da800000, 0x0000000100000000)
  eden space 33280K, 0% used [0x00000000d5d00000,0x00000000d5d00000,0x00000000d7d80000)
  from space 5120K, 99% used [0x00000000d8280000,0x00000000d8779218,0x00000000d8780000)
  to   space 5120K, 0% used [0x00000000d7d80000,0x00000000d7d80000,0x00000000d8280000)
 ParOldGen       total 87552K, used 26523K [0x0000000081600000, 0x0000000086b80000, 0x00000000d5d00000)
  object space 87552K, 30% used [0x0000000081600000,0x0000000082fe6c28,0x0000000086b80000)
 Metaspace       used 20831K, capacity 21068K, committed 21296K, reserved 1069056K
  class space    used 2629K, capacity 2679K, committed 2688K, reserved 1048576K
Event: 7.977 GC heap after
Heap after GC invocations=3 (full 1):
 PSYoungGen      total 38400K, used 0K [0x00000000d5d00000, 0x00000000da800000, 0x0000000100000000)
  eden space 33280K, 0% used [0x00000000d5d00000,0x00000000d5d00000,0x00000000d7d80000)
  from space 5120K, 0% used [0x00000000d8280000,0x00000000d8280000,0x00000000d8780000)
  to   space 5120K, 0% used [0x00000000d7d80000,0x00000000d7d80000,0x00000000d8280000)
 ParOldGen       total 68608K, used 16022K [0x0000000081600000, 0x0000000085900000, 0x00000000d5d00000)
  object space 68608K, 23% used [0x0000000081600000,0x00000000825a5be8,0x0000000085900000)
 Metaspace       used 20831K, capacity 21068K, committed 21296K, reserved 1069056K
  class space    used 2629K, capacity 2679K, committed 2688K, reserved 1048576K
}
Event: 9.377 GC heap before
{Heap before GC invocations=4 (full 1):
 PSYoungGen      total 38400K, used 33280K [0x00000000d5d00000, 0x00000000da800000, 0x0000000100000000)
  eden space 33280K, 100% used [0x00000000d5d00000,0x00000000d7d80000,0x00000000d7d80000)
  from space 5120K, 0% used [0x00000000d8280000,0x00000000d8280000,0x00000000d8780000)
  to   space 5120K, 0% used [0x00000000d7d80000,0x00000000d7d80000,0x00000000d8280000)
 ParOldGen       total 68608K, used 16022K [0x0000000081600000, 0x0000000085900000, 0x00000000d5d00000)
  object space 68608K, 23% used [0x0000000081600000,0x00000000825a5be8,0x0000000085900000)
 Metaspace       used 29098K, capacity 29390K, committed 29568K, reserved 1075200K
  class space    used 3586K, capacity 3684K, committed 3712K, reserved 1048576K
Event: 9.382 GC heap after
Heap after GC invocations=4 (full 1):
 PSYoungGen      total 38400K, used 5116K [0x00000000d5d00000, 0x00000000da400000, 0x0000000100000000)
  eden space 33280K, 0% used [0x00000000d5d00000,0x00000000d5d00000,0x00000000d7d80000)
  from space 5120K, 99% used [0x00000000d7d80000,0x00000000d827f0d0,0x00000000d8280000)
  to   space 5120K, 0% used [0x00000000d9f00000,0x00000000d9f00000,0x00000000da400000)
 ParOldGen       total 68608K, used 19543K [0x0000000081600000, 0x0000000085900000, 0x00000000d5d00000)
  object space 68608K, 28% used [0x0000000081600000,0x0000000082915fc8,0x0000000085900000)
 Metaspace       used 29098K, capacity 29390K, committed 29568K, reserved 1075200K
  class space    used 3586K, capacity 3684K, committed 3712K, reserved 1048576K
}
Event: 18.232 GC heap before
{Heap before GC invocations=5 (full 1):
 PSYoungGen      total 38400K, used 38344K [0x00000000d5d00000, 0x00000000da400000, 0x0000000100000000)
  eden space 33280K, 99% used [0x00000000d5d00000,0x00000000d7d730c8,0x00000000d7d80000)
  from space 5120K, 99% used [0x00000000d7d80000,0x00000000d827f0d0,0x00000000d8280000)
  to   space 5120K, 0% used [0x00000000d9f00000,0x00000000d9f00000,0x00000000da400000)
 ParOldGen       total 68608K, used 19543K [0x0000000081600000, 0x0000000085900000, 0x00000000d5d00000)
  object space 68608K, 28% used [0x0000000081600000,0x0000000082915fc8,0x0000000085900000)
 Metaspace       used 34634K, capacity 34934K, committed 35200K, reserved 1079296K
  class space    used 4361K, capacity 4460K, committed 4480K, reserved 1048576K
Event: 18.246 GC heap after
Heap after GC invocations=5 (full 1):
 PSYoungGen      total 66048K, used 5089K [0x00000000d5d00000, 0x00000000da400000, 0x0000000100000000)
  eden space 60928K, 0% used [0x00000000d5d00000,0x00000000d5d00000,0x00000000d9880000)
  from space 5120K, 99% used [0x00000000d9f00000,0x00000000da3f8638,0x00000000da400000)
  to   space 5120K, 0% used [0x00000000d9a00000,0x00000000d9a00000,0x00000000d9f00000)
 ParOldGen       total 68608K, used 28762K [0x0000000081600000, 0x0000000085900000, 0x00000000d5d00000)
  object space 68608K, 41% used [0x0000000081600000,0x0000000083216ac0,0x0000000085900000)
 Metaspace       used 34634K, capacity 34934K, committed 35200K, reserved 1079296K
  class space    used 4361K, capacity 4460K, committed 4480K, reserved 1048576K
}
Event: 19.793 GC heap before
{Heap before GC invocations=6 (full 1):
 PSYoungGen      total 66048K, used 13073K [0x00000000d5d00000, 0x00000000da400000, 0x0000000100000000)
  eden space 60928K, 13% used [0x00000000d5d00000,0x00000000d64cc190,0x00000000d9880000)
  from space 5120K, 99% used [0x00000000d9f00000,0x00000000da3f8638,0x00000000da400000)
  to   space 5120K, 0% used [0x00000000d9a00000,0x00000000d9a00000,0x00000000d9f00000)
 ParOldGen       total 68608K, used 28762K [0x0000000081600000, 0x0000000085900000, 0x00000000d5d00000)
  object space 68608K, 41% used [0x0000000081600000,0x0000000083216ac0,0x0000000085900000)
 Metaspace       used 34771K, capacity 35068K, committed 35456K, reserved 1081344K
  class space    used 4363K, capacity 4461K, committed 4480K, reserved 1048576K
Event: 19.801 GC heap after
Heap after GC invocations=6 (full 1):
 PSYoungGen      total 66048K, used 5108K [0x00000000d5d00000, 0x00000000da280000, 0x0000000100000000)
  eden space 60928K, 0% used [0x00000000d5d00000,0x00000000d5d00000,0x00000000d9880000)
  from space 5120K, 99% used [0x00000000d9a00000,0x00000000d9efd368,0x00000000d9f00000)
  to   space 3584K, 0% used [0x00000000d9f00000,0x00000000d9f00000,0x00000000da280000)
 ParOldGen       total 68608K, used 30154K [0x0000000081600000, 0x0000000085900000, 0x00000000d5d00000)
  object space 68608K, 43% used [0x0000000081600000,0x00000000833728e8,0x0000000085900000)
 Metaspace       used 34771K, capacity 35068K, committed 35456K, reserved 1081344K
  class space    used 4363K, capacity 4461K, committed 4480K, reserved 1048576K
}
Event: 19.801 GC heap before
{Heap before GC invocations=7 (full 2):
 PSYoungGen      total 66048K, used 5108K [0x00000000d5d00000, 0x00000000da280000, 0x0000000100000000)
  eden space 60928K, 0% used [0x00000000d5d00000,0x00000000d5d00000,0x00000000d9880000)
  from space 5120K, 99% used [0x00000000d9a00000,0x00000000d9efd368,0x00000000d9f00000)
  to   space 3584K, 0% used [0x00000000d9f00000,0x00000000d9f00000,0x00000000da280000)
 ParOldGen       total 68608K, used 30154K [0x0000000081600000, 0x0000000085900000, 0x00000000d5d00000)
  object space 68608K, 43% used [0x0000000081600000,0x00000000833728e8,0x0000000085900000)
 Metaspace       used 34771K, capacity 35068K, committed 35456K, reserved 1081344K
  class space    used 4363K, capacity 4461K, committed 4480K, reserved 1048576K
Event: 19.909 GC heap after
Heap after GC invocations=7 (full 2):
 PSYoungGen      total 66048K, used 0K [0x00000000d5d00000, 0x00000000da280000, 0x0000000100000000)
  eden space 60928K, 0% used [0x00000000d5d00000,0x00000000d5d00000,0x00000000d9880000)
  from space 5120K, 0% used [0x00000000d9a00000,0x00000000d9a00000,0x00000000d9f00000)
  to   space 3584K, 0% used [0x00000000d9f00000,0x00000000d9f00000,0x00000000da280000)
 ParOldGen       total 68608K, used 18395K [0x0000000081600000, 0x0000000085900000, 0x00000000d5d00000)
  object space 68608K, 26% used [0x0000000081600000,0x00000000827f6ce0,0x0000000085900000)
 Metaspace       used 34771K, capacity 35068K, committed 35456K, reserved 1081344K
  class space    used 4363K, capacity 4461K, committed 4480K, reserved 1048576K
}

