# JRE version: Java(TM) SE Runtime Environment (8.0_291-b10) (build 1.8.0_291-b10)
# Java VM: Java HotSpot(TM) 64-Bit Server VM (25.291-b10 mixed mode windows-amd64 compressed oops)
Heap:
 PSYoungGen      total 55296K, used 16589K [0x00000000d5d00000, 0x00000000db100000, 0x0000000100000000)
  eden space 50176K, 33% used [0x00000000d5d00000,0x00000000d6d335f8,0x00000000d8e00000)
  from space 5120K, 0% used [0x00000000d8f00000,0x00000000d8f00000,0x00000000d9400000)
  to   space 17920K, 0% used [0x00000000d9f80000,0x00000000d9f80000,0x00000000db100000)
 ParOldGen       total 77312K, used 16630K [0x0000000081600000, 0x0000000086180000, 0x00000000d5d00000)
  object space 77312K, 21% used [0x0000000081600000,0x000000008263dab8,0x0000000086180000)
 Metaspace       used 36811K, capacity 37092K, committed 37416K, reserved 1081344K
  class space    used 4524K, capacity 4619K, committed 4656K, reserved 1048576K
GC Heap History (10 events):
Event: 4.481 GC heap before
{Heap before GC invocations=3 (full 1):
 PSYoungGen      total 38400K, used 5092K [0x00000000d5d00000, 0x00000000d8780000, 0x0000000100000000)
  eden space 33280K, 0% used [0x00000000d5d00000,0x00000000d5d00000,0x00000000d7d80000)
  from space 5120K, 99% used [0x00000000d8280000,0x00000000d8779190,0x00000000d8780000)
  to   space 5120K, 0% used [0x00000000d7d80000,0x00000000d7d80000,0x00000000d8280000)
 ParOldGen       total 87552K, used 16102K [0x0000000081600000, 0x0000000086b80000, 0x00000000d5d00000)
  object space 87552K, 18% used [0x0000000081600000,0x00000000825b98b0,0x0000000086b80000)
 Metaspace       used 20983K, capacity 21232K, committed 21296K, reserved 1069056K
  class space    used 2504K, capacity 2581K, committed 2608K, reserved 1048576K
Event: 4.503 GC heap after
Heap after GC invocations=3 (full 1):
 PSYoungGen      total 38400K, used 0K [0x00000000d5d00000, 0x00000000d8780000, 0x0000000100000000)
  eden space 33280K, 0% used [0x00000000d5d00000,0x00000000d5d00000,0x00000000d7d80000)
  from space 5120K, 0% used [0x00000000d8280000,0x00000000d8280000,0x00000000d8780000)
  to   space 5120K, 0% used [0x00000000d7d80000,0x00000000d7d80000,0x00000000d8280000)
 ParOldGen       total 76288K, used 12645K [0x0000000081600000, 0x0000000086080000, 0x00000000d5d00000)
  object space 76288K, 16% used [0x0000000081600000,0x0000000082259458,0x0000000086080000)
 Metaspace       used 20983K, capacity 21232K, committed 21296K, reserved 1069056K
  class space    used 2504K, capacity 2581K, committed 2608K, reserved 1048576K
}
Event: 5.719 GC heap before
{Heap before GC invocations=4 (full 1):
 PSYoungGen      total 38400K, used 33280K [0x00000000d5d00000, 0x00000000d8780000, 0x0000000100000000)
  eden space 33280K, 100% used [0x00000000d5d00000,0x00000000d7d80000,0x00000000d7d80000)
  from space 5120K, 0% used [0x00000000d8280000,0x00000000d8280000,0x00000000d8780000)
  to   space 5120K, 0% used [0x00000000d7d80000,0x00000000d7d80000,0x00000000d8280000)
 ParOldGen       total 76288K, used 12645K [0x0000000081600000, 0x0000000086080000, 0x00000000d5d00000)
  object space 76288K, 16% used [0x0000000081600000,0x0000000082259458,0x0000000086080000)
 Metaspace       used 28503K, capacity 28722K, committed 28976K, reserved 1075200K
  class space    used 3433K, capacity 3522K, committed 3632K, reserved 1048576K
Event: 5.727 GC heap after
Heap after GC invocations=4 (full 1):
 PSYoungGen      total 38400K, used 5104K [0x00000000d5d00000, 0x00000000d9900000, 0x0000000100000000)
  eden space 33280K, 0% used [0x00000000d5d00000,0x00000000d5d00000,0x00000000d7d80000)
  from space 5120K, 99% used [0x00000000d7d80000,0x00000000d827c3c8,0x00000000d8280000)
  to   space 5120K, 0% used [0x00000000d9400000,0x00000000d9400000,0x00000000d9900000)
 ParOldGen       total 76288K, used 14822K [0x0000000081600000, 0x0000000086080000, 0x00000000d5d00000)
  object space 76288K, 19% used [0x0000000081600000,0x0000000082479920,0x0000000086080000)
 Metaspace       used 28503K, capacity 28722K, committed 28976K, reserved 1075200K
  class space    used 3433K, capacity 3522K, committed 3632K, reserved 1048576K
}
Event: 7.512 GC heap before
{Heap before GC invocations=5 (full 1):
 PSYoungGen      total 38400K, used 38384K [0x00000000d5d00000, 0x00000000d9900000, 0x0000000100000000)
  eden space 33280K, 100% used [0x00000000d5d00000,0x00000000d7d80000,0x00000000d7d80000)
  from space 5120K, 99% used [0x00000000d7d80000,0x00000000d827c3c8,0x00000000d8280000)
  to   space 5120K, 0% used [0x00000000d9400000,0x00000000d9400000,0x00000000d9900000)
 ParOldGen       total 76288K, used 14822K [0x0000000081600000, 0x0000000086080000, 0x00000000d5d00000)
  object space 76288K, 19% used [0x0000000081600000,0x0000000082479920,0x0000000086080000)
 Metaspace       used 30877K, capacity 31176K, committed 31536K, reserved 1077248K
  class space    used 3744K, capacity 3845K, committed 3888K, reserved 1048576K
Event: 7.521 GC heap after
Heap after GC invocations=5 (full 1):
 PSYoungGen      total 56320K, used 5099K [0x00000000d5d00000, 0x00000000d9900000, 0x0000000100000000)
  eden space 51200K, 0% used [0x00000000d5d00000,0x00000000d5d00000,0x00000000d8f00000)
  from space 5120K, 99% used [0x00000000d9400000,0x00000000d98faf30,0x00000000d9900000)
  to   space 5120K, 0% used [0x00000000d8f00000,0x00000000d8f00000,0x00000000d9400000)
 ParOldGen       total 76288K, used 17537K [0x0000000081600000, 0x0000000086080000, 0x00000000d5d00000)
  object space 76288K, 22% used [0x0000000081600000,0x00000000827206f0,0x0000000086080000)
 Metaspace       used 30877K, capacity 31176K, committed 31536K, reserved 1077248K
  class space    used 3744K, capacity 3845K, committed 3888K, reserved 1048576K
}
Event: 12.211 GC heap before
{Heap before GC invocations=6 (full 1):
 PSYoungGen      total 56320K, used 20272K [0x00000000d5d00000, 0x00000000d9900000, 0x0000000100000000)
  eden space 51200K, 29% used [0x00000000d5d00000,0x00000000d6bd1188,0x00000000d8f00000)
  from space 5120K, 99% used [0x00000000d9400000,0x00000000d98faf30,0x00000000d9900000)
  to   space 5120K, 0% used [0x00000000d8f00000,0x00000000d8f00000,0x00000000d9400000)
 ParOldGen       total 76288K, used 17537K [0x0000000081600000, 0x0000000086080000, 0x00000000d5d00000)
  object space 76288K, 22% used [0x0000000081600000,0x00000000827206f0,0x0000000086080000)
 Metaspace       used 34988K, capacity 35230K, committed 35496K, reserved 1081344K
  class space    used 4345K, capacity 4426K, committed 4528K, reserved 1048576K
Event: 12.216 GC heap after
Heap after GC invocations=6 (full 1):
 PSYoungGen      total 55296K, used 5094K [0x00000000d5d00000, 0x00000000db100000, 0x0000000100000000)
  eden space 50176K, 0% used [0x00000000d5d00000,0x00000000d5d00000,0x00000000d8e00000)
  from space 5120K, 99% used [0x00000000d8f00000,0x00000000d93f9888,0x00000000d9400000)
  to   space 17920K, 0% used [0x00000000d9f80000,0x00000000d9f80000,0x00000000db100000)
 ParOldGen       total 76288K, used 20049K [0x0000000081600000, 0x0000000086080000, 0x00000000d5d00000)
  object space 76288K, 26% used [0x0000000081600000,0x00000000829944a0,0x0000000086080000)
 Metaspace       used 34988K, capacity 35230K, committed 35496K, reserved 1081344K
  class space    used 4345K, capacity 4426K, committed 4528K, reserved 1048576K
}
Event: 12.216 GC heap before
{Heap before GC invocations=7 (full 2):
 PSYoungGen      total 55296K, used 5094K [0x00000000d5d00000, 0x00000000db100000, 0x0000000100000000)
  eden space 50176K, 0% used [0x00000000d5d00000,0x00000000d5d00000,0x00000000d8e00000)
  from space 5120K, 99% used [0x00000000d8f00000,0x00000000d93f9888,0x00000000d9400000)
  to   space 17920K, 0% used [0x00000000d9f80000,0x00000000d9f80000,0x00000000db100000)
 ParOldGen       total 76288K, used 20049K [0x0000000081600000, 0x0000000086080000, 0x00000000d5d00000)
  object space 76288K, 26% used [0x0000000081600000,0x00000000829944a0,0x0000000086080000)
 Metaspace       used 34988K, capacity 35230K, committed 35496K, reserved 1081344K
  class space    used 4345K, capacity 4426K, committed 4528K, reserved 1048576K
Event: 12.256 GC heap after
Heap after GC invocations=7 (full 2):
 PSYoungGen      total 55296K, used 0K [0x00000000d5d00000, 0x00000000db100000, 0x0000000100000000)
  eden space 50176K, 0% used [0x00000000d5d00000,0x00000000d5d00000,0x00000000d8e00000)
  from space 5120K, 0% used [0x00000000d8f00000,0x00000000d8f00000,0x00000000d9400000)
  to   space 17920K, 0% used [0x00000000d9f80000,0x00000000d9f80000,0x00000000db100000)
 ParOldGen       total 77312K, used 16630K [0x0000000081600000, 0x0000000086180000, 0x00000000d5d00000)
  object space 77312K, 21% used [0x0000000081600000,0x000000008263dab8,0x0000000086180000)
 Metaspace       used 34988K, capacity 35230K, committed 35496K, reserved 1081344K
  class space    used 4345K, capacity 4426K, committed 4528K, reserved 1048576K
}

