# JRE version: Java(TM) SE Runtime Environment (8.0_291-b10) (build 1.8.0_291-b10)
# Java VM: Java HotSpot(TM) 64-Bit Server VM (25.291-b10 mixed mode windows-amd64 compressed oops)
Heap:
 PSYoungGen      total 51712K, used 16387K [0x00000000d5d00000, 0x00000000dbb80000, 0x0000000100000000)
  eden space 46592K, 35% used [0x00000000d5d00000,0x00000000d6d00e28,0x00000000d8a80000)
  from space 5120K, 0% used [0x00000000d8a80000,0x00000000d8a80000,0x00000000d8f80000)
  to   space 17408K, 0% used [0x00000000daa80000,0x00000000daa80000,0x00000000dbb80000)
 ParOldGen       total 110592K, used 16456K [0x0000000081600000, 0x0000000088200000, 0x00000000d5d00000)
  object space 110592K, 14% used [0x0000000081600000,0x00000000826120b8,0x0000000088200000)
 Metaspace       used 36907K, capacity 37220K, committed 37416K, reserved 1081344K
  class space    used 4527K, capacity 4619K, committed 4648K, reserved 1048576K
GC Heap History (10 events):
Event: 3.944 GC heap before
{Heap before GC invocations=3 (full 1):
 PSYoungGen      total 38400K, used 5108K [0x00000000d5d00000, 0x00000000d8780000, 0x0000000100000000)
  eden space 33280K, 0% used [0x00000000d5d00000,0x00000000d5d00000,0x00000000d7d80000)
  from space 5120K, 99% used [0x00000000d8280000,0x00000000d877d1a0,0x00000000d8780000)
  to   space 5120K, 0% used [0x00000000d7d80000,0x00000000d7d80000,0x00000000d8280000)
 ParOldGen       total 87552K, used 15704K [0x0000000081600000, 0x0000000086b80000, 0x00000000d5d00000)
  object space 87552K, 17% used [0x0000000081600000,0x0000000082556208,0x0000000086b80000)
 Metaspace       used 20986K, capacity 21232K, committed 21296K, reserved 1069056K
  class space    used 2492K, capacity 2581K, committed 2608K, reserved 1048576K
Event: 3.994 GC heap after
Heap after GC invocations=3 (full 1):
 PSYoungGen      total 38400K, used 0K [0x00000000d5d00000, 0x00000000d8780000, 0x0000000100000000)
  eden space 33280K, 0% used [0x00000000d5d00000,0x00000000d5d00000,0x00000000d7d80000)
  from space 5120K, 0% used [0x00000000d8280000,0x00000000d8280000,0x00000000d8780000)
  to   space 5120K, 0% used [0x00000000d7d80000,0x00000000d7d80000,0x00000000d8280000)
 ParOldGen       total 78848K, used 12634K [0x0000000081600000, 0x0000000086300000, 0x00000000d5d00000)
  object space 78848K, 16% used [0x0000000081600000,0x00000000822568c8,0x0000000086300000)
 Metaspace       used 20986K, capacity 21232K, committed 21296K, reserved 1069056K
  class space    used 2492K, capacity 2581K, committed 2608K, reserved 1048576K
}
Event: 5.544 GC heap before
{Heap before GC invocations=4 (full 1):
 PSYoungGen      total 38400K, used 33280K [0x00000000d5d00000, 0x00000000d8780000, 0x0000000100000000)
  eden space 33280K, 100% used [0x00000000d5d00000,0x00000000d7d80000,0x00000000d7d80000)
  from space 5120K, 0% used [0x00000000d8280000,0x00000000d8280000,0x00000000d8780000)
  to   space 5120K, 0% used [0x00000000d7d80000,0x00000000d7d80000,0x00000000d8280000)
 ParOldGen       total 78848K, used 12634K [0x0000000081600000, 0x0000000086300000, 0x00000000d5d00000)
  object space 78848K, 16% used [0x0000000081600000,0x00000000822568c8,0x0000000086300000)
 Metaspace       used 28383K, capacity 28722K, committed 28976K, reserved 1075200K
  class space    used 3407K, capacity 3522K, committed 3632K, reserved 1048576K
Event: 5.551 GC heap after
Heap after GC invocations=4 (full 1):
 PSYoungGen      total 38400K, used 5110K [0x00000000d5d00000, 0x00000000d9480000, 0x0000000100000000)
  eden space 33280K, 0% used [0x00000000d5d00000,0x00000000d5d00000,0x00000000d7d80000)
  from space 5120K, 99% used [0x00000000d7d80000,0x00000000d827d948,0x00000000d8280000)
  to   space 5120K, 0% used [0x00000000d8f80000,0x00000000d8f80000,0x00000000d9480000)
 ParOldGen       total 78848K, used 14750K [0x0000000081600000, 0x0000000086300000, 0x00000000d5d00000)
  object space 78848K, 18% used [0x0000000081600000,0x00000000824678a0,0x0000000086300000)
 Metaspace       used 28383K, capacity 28722K, committed 28976K, reserved 1075200K
  class space    used 3407K, capacity 3522K, committed 3632K, reserved 1048576K
}
Event: 6.809 GC heap before
{Heap before GC invocations=5 (full 1):
 PSYoungGen      total 38400K, used 38390K [0x00000000d5d00000, 0x00000000d9480000, 0x0000000100000000)
  eden space 33280K, 100% used [0x00000000d5d00000,0x00000000d7d80000,0x00000000d7d80000)
  from space 5120K, 99% used [0x00000000d7d80000,0x00000000d827d948,0x00000000d8280000)
  to   space 5120K, 0% used [0x00000000d8f80000,0x00000000d8f80000,0x00000000d9480000)
 ParOldGen       total 78848K, used 14750K [0x0000000081600000, 0x0000000086300000, 0x00000000d5d00000)
  object space 78848K, 18% used [0x0000000081600000,0x00000000824678a0,0x0000000086300000)
 Metaspace       used 30895K, capacity 31176K, committed 31536K, reserved 1077248K
  class space    used 3747K, capacity 3845K, committed 3888K, reserved 1048576K
Event: 6.820 GC heap after
Heap after GC invocations=5 (full 1):
 PSYoungGen      total 51712K, used 5091K [0x00000000d5d00000, 0x00000000d9480000, 0x0000000100000000)
  eden space 46592K, 0% used [0x00000000d5d00000,0x00000000d5d00000,0x00000000d8a80000)
  from space 5120K, 99% used [0x00000000d8f80000,0x00000000d9478f38,0x00000000d9480000)
  to   space 5120K, 0% used [0x00000000d8a80000,0x00000000d8a80000,0x00000000d8f80000)
 ParOldGen       total 78848K, used 17462K [0x0000000081600000, 0x0000000086300000, 0x00000000d5d00000)
  object space 78848K, 22% used [0x0000000081600000,0x000000008270da28,0x0000000086300000)
 Metaspace       used 30895K, capacity 31176K, committed 31536K, reserved 1077248K
  class space    used 3747K, capacity 3845K, committed 3888K, reserved 1048576K
}
Event: 17.514 GC heap before
{Heap before GC invocations=6 (full 1):
 PSYoungGen      total 51712K, used 22236K [0x00000000d5d00000, 0x00000000d9480000, 0x0000000100000000)
  eden space 46592K, 36% used [0x00000000d5d00000,0x00000000d6dbe190,0x00000000d8a80000)
  from space 5120K, 99% used [0x00000000d8f80000,0x00000000d9478f38,0x00000000d9480000)
  to   space 5120K, 0% used [0x00000000d8a80000,0x00000000d8a80000,0x00000000d8f80000)
 ParOldGen       total 78848K, used 17462K [0x0000000081600000, 0x0000000086300000, 0x00000000d5d00000)
  object space 78848K, 22% used [0x0000000081600000,0x000000008270da28,0x0000000086300000)
 Metaspace       used 35019K, capacity 35294K, committed 35496K, reserved 1081344K
  class space    used 4334K, capacity 4426K, committed 4520K, reserved 1048576K
Event: 17.520 GC heap after
Heap after GC invocations=6 (full 1):
 PSYoungGen      total 51712K, used 5110K [0x00000000d5d00000, 0x00000000dbb80000, 0x0000000100000000)
  eden space 46592K, 0% used [0x00000000d5d00000,0x00000000d5d00000,0x00000000d8a80000)
  from space 5120K, 99% used [0x00000000d8a80000,0x00000000d8f7d898,0x00000000d8f80000)
  to   space 17408K, 0% used [0x00000000daa80000,0x00000000daa80000,0x00000000dbb80000)
 ParOldGen       total 78848K, used 20006K [0x0000000081600000, 0x0000000086300000, 0x00000000d5d00000)
  object space 78848K, 25% used [0x0000000081600000,0x0000000082989a68,0x0000000086300000)
 Metaspace       used 35019K, capacity 35294K, committed 35496K, reserved 1081344K
  class space    used 4334K, capacity 4426K, committed 4520K, reserved 1048576K
}
Event: 17.520 GC heap before
{Heap before GC invocations=7 (full 2):
 PSYoungGen      total 51712K, used 5110K [0x00000000d5d00000, 0x00000000dbb80000, 0x0000000100000000)
  eden space 46592K, 0% used [0x00000000d5d00000,0x00000000d5d00000,0x00000000d8a80000)
  from space 5120K, 99% used [0x00000000d8a80000,0x00000000d8f7d898,0x00000000d8f80000)
  to   space 17408K, 0% used [0x00000000daa80000,0x00000000daa80000,0x00000000dbb80000)
 ParOldGen       total 78848K, used 20006K [0x0000000081600000, 0x0000000086300000, 0x00000000d5d00000)
  object space 78848K, 25% used [0x0000000081600000,0x0000000082989a68,0x0000000086300000)
 Metaspace       used 35019K, capacity 35294K, committed 35496K, reserved 1081344K
  class space    used 4334K, capacity 4426K, committed 4520K, reserved 1048576K
Event: 17.563 GC heap after
Heap after GC invocations=7 (full 2):
 PSYoungGen      total 51712K, used 0K [0x00000000d5d00000, 0x00000000dbb80000, 0x0000000100000000)
  eden space 46592K, 0% used [0x00000000d5d00000,0x00000000d5d00000,0x00000000d8a80000)
  from space 5120K, 0% used [0x00000000d8a80000,0x00000000d8a80000,0x00000000d8f80000)
  to   space 17408K, 0% used [0x00000000daa80000,0x00000000daa80000,0x00000000dbb80000)
 ParOldGen       total 110592K, used 16456K [0x0000000081600000, 0x0000000088200000, 0x00000000d5d00000)
  object space 110592K, 14% used [0x0000000081600000,0x00000000826120b8,0x0000000088200000)
 Metaspace       used 35019K, capacity 35294K, committed 35496K, reserved 1081344K
  class space    used 4334K, capacity 4426K, committed 4520K, reserved 1048576K
}

