# JRE version: Java(TM) SE Runtime Environment (8.0_301-b09) (build 1.8.0_301-b09)
# Java VM: Java HotSpot(TM) 64-Bit Server VM (25.301-b09 mixed mode windows-amd64 compressed oops)
Heap:
 PSYoungGen      total 53248K, used 12238K [0x00000000d5d00000, 0x00000000d9780000, 0x0000000100000000)
  eden space 48128K, 25% used [0x00000000d5d00000,0x00000000d68f39c0,0x00000000d8c00000)
  from space 5120K, 0% used [0x00000000d9280000,0x00000000d9280000,0x00000000d9780000)
  to   space 5120K, 0% used [0x00000000d8d80000,0x00000000d8d80000,0x00000000d9280000)
 ParOldGen       total 107520K, used 17390K [0x0000000081600000, 0x0000000087f00000, 0x00000000d5d00000)
  object space 107520K, 16% used [0x0000000081600000,0x00000000826fbb20,0x0000000087f00000)
 Metaspace       used 35846K, capacity 36196K, committed 36568K, reserved 1081344K
  class space    used 4504K, capacity 4619K, committed 4736K, reserved 1048576K
GC Heap History (10 events):
Event: 3.239 GC heap before
{Heap before GC invocations=2 (full 0):
 PSYoungGen      total 38400K, used 18712K [0x00000000d5d00000, 0x00000000d8780000, 0x0000000100000000)
  eden space 33280K, 40% used [0x00000000d5d00000,0x00000000d6a4ae18,0x00000000d7d80000)
  from space 5120K, 99% used [0x00000000d7d80000,0x00000000d827b370,0x00000000d8280000)
  to   space 5120K, 0% used [0x00000000d8280000,0x00000000d8280000,0x00000000d8780000)
 ParOldGen       total 87552K, used 14304K [0x0000000081600000, 0x0000000086b80000, 0x00000000d5d00000)
  object space 87552K, 16% used [0x0000000081600000,0x00000000823f81f8,0x0000000086b80000)
 Metaspace       used 20943K, capacity 21136K, committed 21248K, reserved 1067008K
  class space    used 2664K, capacity 2741K, committed 2816K, reserved 1048576K
Event: 3.250 GC heap after
Heap after GC invocations=2 (full 0):
 PSYoungGen      total 38400K, used 5092K [0x00000000d5d00000, 0x00000000da800000, 0x0000000100000000)
  eden space 33280K, 0% used [0x00000000d5d00000,0x00000000d5d00000,0x00000000d7d80000)
  from space 5120K, 99% used [0x00000000d8280000,0x00000000d8779190,0x00000000d8780000)
  to   space 5120K, 0% used [0x00000000d7d80000,0x00000000d7d80000,0x00000000d8280000)
 ParOldGen       total 87552K, used 16445K [0x0000000081600000, 0x0000000086b80000, 0x00000000d5d00000)
  object space 87552K, 18% used [0x0000000081600000,0x000000008260f4c8,0x0000000086b80000)
 Metaspace       used 20943K, capacity 21136K, committed 21248K, reserved 1067008K
  class space    used 2664K, capacity 2741K, committed 2816K, reserved 1048576K
}
Event: 3.250 GC heap before
{Heap before GC invocations=3 (full 1):
 PSYoungGen      total 38400K, used 5092K [0x00000000d5d00000, 0x00000000da800000, 0x0000000100000000)
  eden space 33280K, 0% used [0x00000000d5d00000,0x00000000d5d00000,0x00000000d7d80000)
  from space 5120K, 99% used [0x00000000d8280000,0x00000000d8779190,0x00000000d8780000)
  to   space 5120K, 0% used [0x00000000d7d80000,0x00000000d7d80000,0x00000000d8280000)
 ParOldGen       total 87552K, used 16445K [0x0000000081600000, 0x0000000086b80000, 0x00000000d5d00000)
  object space 87552K, 18% used [0x0000000081600000,0x000000008260f4c8,0x0000000086b80000)
 Metaspace       used 20943K, capacity 21136K, committed 21248K, reserved 1067008K
  class space    used 2664K, capacity 2741K, committed 2816K, reserved 1048576K
Event: 3.297 GC heap after
Heap after GC invocations=3 (full 1):
 PSYoungGen      total 38400K, used 0K [0x00000000d5d00000, 0x00000000da800000, 0x0000000100000000)
  eden space 33280K, 0% used [0x00000000d5d00000,0x00000000d5d00000,0x00000000d7d80000)
  from space 5120K, 0% used [0x00000000d8280000,0x00000000d8280000,0x00000000d8780000)
  to   space 5120K, 0% used [0x00000000d7d80000,0x00000000d7d80000,0x00000000d8280000)
 ParOldGen       total 77312K, used 10995K [0x0000000081600000, 0x0000000086180000, 0x00000000d5d00000)
  object space 77312K, 14% used [0x0000000081600000,0x00000000820bcc38,0x0000000086180000)
 Metaspace       used 20943K, capacity 21136K, committed 21248K, reserved 1067008K
  class space    used 2664K, capacity 2741K, committed 2816K, reserved 1048576K
}
Event: 5.160 GC heap before
{Heap before GC invocations=4 (full 1):
 PSYoungGen      total 38400K, used 33280K [0x00000000d5d00000, 0x00000000da800000, 0x0000000100000000)
  eden space 33280K, 100% used [0x00000000d5d00000,0x00000000d7d80000,0x00000000d7d80000)
  from space 5120K, 0% used [0x00000000d8280000,0x00000000d8280000,0x00000000d8780000)
  to   space 5120K, 0% used [0x00000000d7d80000,0x00000000d7d80000,0x00000000d8280000)
 ParOldGen       total 77312K, used 10995K [0x0000000081600000, 0x0000000086180000, 0x00000000d5d00000)
  object space 77312K, 14% used [0x0000000081600000,0x00000000820bcc38,0x0000000086180000)
 Metaspace       used 29368K, capacity 29624K, committed 29952K, reserved 1075200K
  class space    used 3623K, capacity 3715K, committed 3840K, reserved 1048576K
Event: 5.173 GC heap after
Heap after GC invocations=4 (full 1):
 PSYoungGen      total 38400K, used 5093K [0x00000000d5d00000, 0x00000000d9780000, 0x0000000100000000)
  eden space 33280K, 0% used [0x00000000d5d00000,0x00000000d5d00000,0x00000000d7d80000)
  from space 5120K, 99% used [0x00000000d7d80000,0x00000000d8279520,0x00000000d8280000)
  to   space 5120K, 0% used [0x00000000d9280000,0x00000000d9280000,0x00000000d9780000)
 ParOldGen       total 77312K, used 14542K [0x0000000081600000, 0x0000000086180000, 0x00000000d5d00000)
  object space 77312K, 18% used [0x0000000081600000,0x0000000082433980,0x0000000086180000)
 Metaspace       used 29368K, capacity 29624K, committed 29952K, reserved 1075200K
  class space    used 3623K, capacity 3715K, committed 3840K, reserved 1048576K
}
Event: 9.909 GC heap before
{Heap before GC invocations=5 (full 1):
 PSYoungGen      total 38400K, used 34018K [0x00000000d5d00000, 0x00000000d9780000, 0x0000000100000000)
  eden space 33280K, 86% used [0x00000000d5d00000,0x00000000d793f4f8,0x00000000d7d80000)
  from space 5120K, 99% used [0x00000000d7d80000,0x00000000d8279520,0x00000000d8280000)
  to   space 5120K, 0% used [0x00000000d9280000,0x00000000d9280000,0x00000000d9780000)
 ParOldGen       total 77312K, used 14542K [0x0000000081600000, 0x0000000086180000, 0x00000000d5d00000)
  object space 77312K, 18% used [0x0000000081600000,0x0000000082433980,0x0000000086180000)
 Metaspace       used 34856K, capacity 35102K, committed 35416K, reserved 1081344K
  class space    used 4399K, capacity 4490K, committed 4608K, reserved 1048576K
Event: 9.923 GC heap after
Heap after GC invocations=5 (full 1):
 PSYoungGen      total 53248K, used 5105K [0x00000000d5d00000, 0x00000000d9780000, 0x0000000100000000)
  eden space 48128K, 0% used [0x00000000d5d00000,0x00000000d5d00000,0x00000000d8c00000)
  from space 5120K, 99% used [0x00000000d9280000,0x00000000d977c628,0x00000000d9780000)
  to   space 5120K, 0% used [0x00000000d8d80000,0x00000000d8d80000,0x00000000d9280000)
 ParOldGen       total 77312K, used 19894K [0x0000000081600000, 0x0000000086180000, 0x00000000d5d00000)
  object space 77312K, 25% used [0x0000000081600000,0x000000008296dbd8,0x0000000086180000)
 Metaspace       used 34856K, capacity 35102K, committed 35416K, reserved 1081344K
  class space    used 4399K, capacity 4490K, committed 4608K, reserved 1048576K
}
Event: 9.923 GC heap before
{Heap before GC invocations=6 (full 2):
 PSYoungGen      total 53248K, used 5105K [0x00000000d5d00000, 0x00000000d9780000, 0x0000000100000000)
  eden space 48128K, 0% used [0x00000000d5d00000,0x00000000d5d00000,0x00000000d8c00000)
  from space 5120K, 99% used [0x00000000d9280000,0x00000000d977c628,0x00000000d9780000)
  to   space 5120K, 0% used [0x00000000d8d80000,0x00000000d8d80000,0x00000000d9280000)
 ParOldGen       total 77312K, used 19894K [0x0000000081600000, 0x0000000086180000, 0x00000000d5d00000)
  object space 77312K, 25% used [0x0000000081600000,0x000000008296dbd8,0x0000000086180000)
 Metaspace       used 34856K, capacity 35102K, committed 35416K, reserved 1081344K
  class space    used 4399K, capacity 4490K, committed 4608K, reserved 1048576K
Event: 10.010 GC heap after
Heap after GC invocations=6 (full 2):
 PSYoungGen      total 53248K, used 0K [0x00000000d5d00000, 0x00000000d9780000, 0x0000000100000000)
  eden space 48128K, 0% used [0x00000000d5d00000,0x00000000d5d00000,0x00000000d8c00000)
  from space 5120K, 0% used [0x00000000d9280000,0x00000000d9280000,0x00000000d9780000)
  to   space 5120K, 0% used [0x00000000d8d80000,0x00000000d8d80000,0x00000000d9280000)
 ParOldGen       total 107520K, used 17390K [0x0000000081600000, 0x0000000087f00000, 0x00000000d5d00000)
  object space 107520K, 16% used [0x0000000081600000,0x00000000826fbb20,0x0000000087f00000)
 Metaspace       used 34856K, capacity 35102K, committed 35416K, reserved 1081344K
  class space    used 4399K, capacity 4490K, committed 4608K, reserved 1048576K
}

