# JRE version: Java(TM) SE Runtime Environment (8.0_291-b10) (build 1.8.0_291-b10)
# Java VM: Java HotSpot(TM) 64-Bit Server VM (25.291-b10 mixed mode windows-amd64 compressed oops)
Heap:
 PSYoungGen      total 52224K, used 15087K [0x00000000d5d00000, 0x00000000dbd00000, 0x0000000100000000)
  eden space 47104K, 32% used [0x00000000d5d00000,0x00000000d6bbbf78,0x00000000d8b00000)
  from space 5120K, 0% used [0x00000000d8b00000,0x00000000d8b00000,0x00000000d9000000)
  to   space 17408K, 0% used [0x00000000dac00000,0x00000000dac00000,0x00000000dbd00000)
 ParOldGen       total 109568K, used 16442K [0x0000000081600000, 0x0000000088100000, 0x00000000d5d00000)
  object space 109568K, 15% used [0x0000000081600000,0x000000008260eb00,0x0000000088100000)
 Metaspace       used 36680K, capacity 36964K, committed 37160K, reserved 1081344K
  class space    used 4525K, capacity 4619K, committed 4656K, reserved 1048576K
GC Heap History (10 events):
Event: 3.785 GC heap before
{Heap before GC invocations=3 (full 1):
 PSYoungGen      total 38400K, used 5108K [0x00000000d5d00000, 0x00000000da800000, 0x0000000100000000)
  eden space 33280K, 0% used [0x00000000d5d00000,0x00000000d5d00000,0x00000000d7d80000)
  from space 5120K, 99% used [0x00000000d8280000,0x00000000d877d1a0,0x00000000d8780000)
  to   space 5120K, 0% used [0x00000000d7d80000,0x00000000d7d80000,0x00000000d8280000)
 ParOldGen       total 87552K, used 15665K [0x0000000081600000, 0x0000000086b80000, 0x00000000d5d00000)
  object space 87552K, 17% used [0x0000000081600000,0x000000008254c790,0x0000000086b80000)
 Metaspace       used 20960K, capacity 21168K, committed 21296K, reserved 1069056K
  class space    used 2505K, capacity 2581K, committed 2608K, reserved 1048576K
Event: 3.836 GC heap after
Heap after GC invocations=3 (full 1):
 PSYoungGen      total 38400K, used 0K [0x00000000d5d00000, 0x00000000da800000, 0x0000000100000000)
  eden space 33280K, 0% used [0x00000000d5d00000,0x00000000d5d00000,0x00000000d7d80000)
  from space 5120K, 0% used [0x00000000d8280000,0x00000000d8280000,0x00000000d8780000)
  to   space 5120K, 0% used [0x00000000d7d80000,0x00000000d7d80000,0x00000000d8280000)
 ParOldGen       total 77824K, used 12639K [0x0000000081600000, 0x0000000086200000, 0x00000000d5d00000)
  object space 77824K, 16% used [0x0000000081600000,0x0000000082257d78,0x0000000086200000)
 Metaspace       used 20960K, capacity 21168K, committed 21296K, reserved 1069056K
  class space    used 2505K, capacity 2581K, committed 2608K, reserved 1048576K
}
Event: 5.432 GC heap before
{Heap before GC invocations=4 (full 1):
 PSYoungGen      total 38400K, used 33280K [0x00000000d5d00000, 0x00000000da800000, 0x0000000100000000)
  eden space 33280K, 100% used [0x00000000d5d00000,0x00000000d7d80000,0x00000000d7d80000)
  from space 5120K, 0% used [0x00000000d8280000,0x00000000d8280000,0x00000000d8780000)
  to   space 5120K, 0% used [0x00000000d7d80000,0x00000000d7d80000,0x00000000d8280000)
 ParOldGen       total 77824K, used 12639K [0x0000000081600000, 0x0000000086200000, 0x00000000d5d00000)
  object space 77824K, 16% used [0x0000000081600000,0x0000000082257d78,0x0000000086200000)
 Metaspace       used 28361K, capacity 28594K, committed 28976K, reserved 1075200K
  class space    used 3412K, capacity 3522K, committed 3632K, reserved 1048576K
Event: 5.439 GC heap after
Heap after GC invocations=4 (full 1):
 PSYoungGen      total 38400K, used 5093K [0x00000000d5d00000, 0x00000000d9500000, 0x0000000100000000)
  eden space 33280K, 0% used [0x00000000d5d00000,0x00000000d5d00000,0x00000000d7d80000)
  from space 5120K, 99% used [0x00000000d7d80000,0x00000000d82794f8,0x00000000d8280000)
  to   space 5120K, 0% used [0x00000000d9000000,0x00000000d9000000,0x00000000d9500000)
 ParOldGen       total 77824K, used 14753K [0x0000000081600000, 0x0000000086200000, 0x00000000d5d00000)
  object space 77824K, 18% used [0x0000000081600000,0x0000000082468700,0x0000000086200000)
 Metaspace       used 28361K, capacity 28594K, committed 28976K, reserved 1075200K
  class space    used 3412K, capacity 3522K, committed 3632K, reserved 1048576K
}
Event: 6.682 GC heap before
{Heap before GC invocations=5 (full 1):
 PSYoungGen      total 38400K, used 38373K [0x00000000d5d00000, 0x00000000d9500000, 0x0000000100000000)
  eden space 33280K, 100% used [0x00000000d5d00000,0x00000000d7d80000,0x00000000d7d80000)
  from space 5120K, 99% used [0x00000000d7d80000,0x00000000d82794f8,0x00000000d8280000)
  to   space 5120K, 0% used [0x00000000d9000000,0x00000000d9000000,0x00000000d9500000)
 ParOldGen       total 77824K, used 14753K [0x0000000081600000, 0x0000000086200000, 0x00000000d5d00000)
  object space 77824K, 18% used [0x0000000081600000,0x0000000082468700,0x0000000086200000)
 Metaspace       used 30818K, capacity 31112K, committed 31280K, reserved 1077248K
  class space    used 3745K, capacity 3845K, committed 3888K, reserved 1048576K
Event: 6.693 GC heap after
Heap after GC invocations=5 (full 1):
 PSYoungGen      total 52224K, used 5091K [0x00000000d5d00000, 0x00000000d9500000, 0x0000000100000000)
  eden space 47104K, 0% used [0x00000000d5d00000,0x00000000d5d00000,0x00000000d8b00000)
  from space 5120K, 99% used [0x00000000d9000000,0x00000000d94f8f08,0x00000000d9500000)
  to   space 5120K, 0% used [0x00000000d8b00000,0x00000000d8b00000,0x00000000d9000000)
 ParOldGen       total 77824K, used 17536K [0x0000000081600000, 0x0000000086200000, 0x00000000d5d00000)
  object space 77824K, 22% used [0x0000000081600000,0x0000000082720080,0x0000000086200000)
 Metaspace       used 30818K, capacity 31112K, committed 31280K, reserved 1077248K
  class space    used 3745K, capacity 3845K, committed 3888K, reserved 1048576K
}
Event: 11.299 GC heap before
{Heap before GC invocations=6 (full 1):
 PSYoungGen      total 52224K, used 20986K [0x00000000d5d00000, 0x00000000d9500000, 0x0000000100000000)
  eden space 47104K, 33% used [0x00000000d5d00000,0x00000000d6c85cb0,0x00000000d8b00000)
  from space 5120K, 99% used [0x00000000d9000000,0x00000000d94f8f08,0x00000000d9500000)
  to   space 5120K, 0% used [0x00000000d8b00000,0x00000000d8b00000,0x00000000d9000000)
 ParOldGen       total 77824K, used 17536K [0x0000000081600000, 0x0000000086200000, 0x00000000d5d00000)
  object space 77824K, 22% used [0x0000000081600000,0x0000000082720080,0x0000000086200000)
 Metaspace       used 34989K, capacity 35230K, committed 35496K, reserved 1081344K
  class space    used 4347K, capacity 4426K, committed 4528K, reserved 1048576K
Event: 11.304 GC heap after
Heap after GC invocations=6 (full 1):
 PSYoungGen      total 52224K, used 5111K [0x00000000d5d00000, 0x00000000dbd00000, 0x0000000100000000)
  eden space 47104K, 0% used [0x00000000d5d00000,0x00000000d5d00000,0x00000000d8b00000)
  from space 5120K, 99% used [0x00000000d8b00000,0x00000000d8ffdd48,0x00000000d9000000)
  to   space 17408K, 0% used [0x00000000dac00000,0x00000000dac00000,0x00000000dbd00000)
 ParOldGen       total 77824K, used 19860K [0x0000000081600000, 0x0000000086200000, 0x00000000d5d00000)
  object space 77824K, 25% used [0x0000000081600000,0x0000000082965188,0x0000000086200000)
 Metaspace       used 34989K, capacity 35230K, committed 35496K, reserved 1081344K
  class space    used 4347K, capacity 4426K, committed 4528K, reserved 1048576K
}
Event: 11.304 GC heap before
{Heap before GC invocations=7 (full 2):
 PSYoungGen      total 52224K, used 5111K [0x00000000d5d00000, 0x00000000dbd00000, 0x0000000100000000)
  eden space 47104K, 0% used [0x00000000d5d00000,0x00000000d5d00000,0x00000000d8b00000)
  from space 5120K, 99% used [0x00000000d8b00000,0x00000000d8ffdd48,0x00000000d9000000)
  to   space 17408K, 0% used [0x00000000dac00000,0x00000000dac00000,0x00000000dbd00000)
 ParOldGen       total 77824K, used 19860K [0x0000000081600000, 0x0000000086200000, 0x00000000d5d00000)
  object space 77824K, 25% used [0x0000000081600000,0x0000000082965188,0x0000000086200000)
 Metaspace       used 34989K, capacity 35230K, committed 35496K, reserved 1081344K
  class space    used 4347K, capacity 4426K, committed 4528K, reserved 1048576K
Event: 11.346 GC heap after
Heap after GC invocations=7 (full 2):
 PSYoungGen      total 52224K, used 0K [0x00000000d5d00000, 0x00000000dbd00000, 0x0000000100000000)
  eden space 47104K, 0% used [0x00000000d5d00000,0x00000000d5d00000,0x00000000d8b00000)
  from space 5120K, 0% used [0x00000000d8b00000,0x00000000d8b00000,0x00000000d9000000)
  to   space 17408K, 0% used [0x00000000dac00000,0x00000000dac00000,0x00000000dbd00000)
 ParOldGen       total 109568K, used 16442K [0x0000000081600000, 0x0000000088100000, 0x00000000d5d00000)
  object space 109568K, 15% used [0x0000000081600000,0x000000008260eb00,0x0000000088100000)
 Metaspace       used 34989K, capacity 35230K, committed 35496K, reserved 1081344K
  class space    used 4347K, capacity 4426K, committed 4528K, reserved 1048576K
}

