# JRE version: Java(TM) SE Runtime Environment (8.0_291-b10) (build 1.8.0_291-b10)
# Java VM: Java HotSpot(TM) 64-Bit Server VM (25.291-b10 mixed mode windows-amd64 compressed oops)
Heap:
 PSYoungGen      total 57856K, used 15515K [0x00000000d5d00000, 0x00000000dd380000, 0x0000000100000000)
  eden space 52736K, 29% used [0x00000000d5d00000,0x00000000d6c26d18,0x00000000d9080000)
  from space 5120K, 0% used [0x00000000d9080000,0x00000000d9080000,0x00000000d9580000)
  to   space 22016K, 0% used [0x00000000dbe00000,0x00000000dbe00000,0x00000000dd380000)
 ParOldGen       total 108032K, used 16475K [0x0000000081600000, 0x0000000087f80000, 0x00000000d5d00000)
  object space 108032K, 15% used [0x0000000081600000,0x0000000082616cb8,0x0000000087f80000)
 Metaspace       used 36755K, capacity 37028K, committed 37416K, reserved 1081344K
  class space    used 4524K, capacity 4619K, committed 4656K, reserved 1048576K
GC Heap History (10 events):
Event: 5.254 GC heap before
{Heap before GC invocations=3 (full 1):
 PSYoungGen      total 38400K, used 5105K [0x00000000d5d00000, 0x00000000da800000, 0x0000000100000000)
  eden space 33280K, 0% used [0x00000000d5d00000,0x00000000d5d00000,0x00000000d7d80000)
  from space 5120K, 99% used [0x00000000d8280000,0x00000000d877c728,0x00000000d8780000)
  to   space 5120K, 0% used [0x00000000d7d80000,0x00000000d7d80000,0x00000000d8280000)
 ParOldGen       total 87552K, used 25357K [0x0000000081600000, 0x0000000086b80000, 0x00000000d5d00000)
  object space 87552K, 28% used [0x0000000081600000,0x0000000082ec3440,0x0000000086b80000)
 Metaspace       used 20995K, capacity 21232K, committed 21296K, reserved 1069056K
  class space    used 2491K, capacity 2581K, committed 2608K, reserved 1048576K
Event: 5.291 GC heap after
Heap after GC invocations=3 (full 1):
 PSYoungGen      total 38400K, used 0K [0x00000000d5d00000, 0x00000000da800000, 0x0000000100000000)
  eden space 33280K, 0% used [0x00000000d5d00000,0x00000000d5d00000,0x00000000d7d80000)
  from space 5120K, 0% used [0x00000000d8280000,0x00000000d8280000,0x00000000d8780000)
  to   space 5120K, 0% used [0x00000000d7d80000,0x00000000d7d80000,0x00000000d8280000)
 ParOldGen       total 73216K, used 13092K [0x0000000081600000, 0x0000000085d80000, 0x00000000d5d00000)
  object space 73216K, 17% used [0x0000000081600000,0x00000000822c93f8,0x0000000085d80000)
 Metaspace       used 20995K, capacity 21232K, committed 21296K, reserved 1069056K
  class space    used 2491K, capacity 2581K, committed 2608K, reserved 1048576K
}
Event: 7.033 GC heap before
{Heap before GC invocations=4 (full 1):
 PSYoungGen      total 38400K, used 33280K [0x00000000d5d00000, 0x00000000da800000, 0x0000000100000000)
  eden space 33280K, 100% used [0x00000000d5d00000,0x00000000d7d80000,0x00000000d7d80000)
  from space 5120K, 0% used [0x00000000d8280000,0x00000000d8280000,0x00000000d8780000)
  to   space 5120K, 0% used [0x00000000d7d80000,0x00000000d7d80000,0x00000000d8280000)
 ParOldGen       total 73216K, used 13092K [0x0000000081600000, 0x0000000085d80000, 0x00000000d5d00000)
  object space 73216K, 17% used [0x0000000081600000,0x00000000822c93f8,0x0000000085d80000)
 Metaspace       used 28266K, capacity 28562K, committed 28848K, reserved 1075200K
  class space    used 3389K, capacity 3490K, committed 3504K, reserved 1048576K
Event: 7.041 GC heap after
Heap after GC invocations=4 (full 1):
 PSYoungGen      total 38400K, used 5103K [0x00000000d5d00000, 0x00000000d9a80000, 0x0000000100000000)
  eden space 33280K, 0% used [0x00000000d5d00000,0x00000000d5d00000,0x00000000d7d80000)
  from space 5120K, 99% used [0x00000000d7d80000,0x00000000d827bca8,0x00000000d8280000)
  to   space 5120K, 0% used [0x00000000d9580000,0x00000000d9580000,0x00000000d9a80000)
 ParOldGen       total 73216K, used 15115K [0x0000000081600000, 0x0000000085d80000, 0x00000000d5d00000)
  object space 73216K, 20% used [0x0000000081600000,0x00000000824c2d90,0x0000000085d80000)
 Metaspace       used 28266K, capacity 28562K, committed 28848K, reserved 1075200K
  class space    used 3389K, capacity 3490K, committed 3504K, reserved 1048576K
}
Event: 9.155 GC heap before
{Heap before GC invocations=5 (full 1):
 PSYoungGen      total 38400K, used 38383K [0x00000000d5d00000, 0x00000000d9a80000, 0x0000000100000000)
  eden space 33280K, 100% used [0x00000000d5d00000,0x00000000d7d80000,0x00000000d7d80000)
  from space 5120K, 99% used [0x00000000d7d80000,0x00000000d827bca8,0x00000000d8280000)
  to   space 5120K, 0% used [0x00000000d9580000,0x00000000d9580000,0x00000000d9a80000)
 ParOldGen       total 73216K, used 15115K [0x0000000081600000, 0x0000000085d80000, 0x00000000d5d00000)
  object space 73216K, 20% used [0x0000000081600000,0x00000000824c2d90,0x0000000085d80000)
 Metaspace       used 30815K, capacity 31112K, committed 31280K, reserved 1077248K
  class space    used 3731K, capacity 3845K, committed 3888K, reserved 1048576K
Event: 9.165 GC heap after
Heap after GC invocations=5 (full 1):
 PSYoungGen      total 56832K, used 5099K [0x00000000d5d00000, 0x00000000d9a80000, 0x0000000100000000)
  eden space 51712K, 0% used [0x00000000d5d00000,0x00000000d5d00000,0x00000000d8f80000)
  from space 5120K, 99% used [0x00000000d9580000,0x00000000d9a7afe0,0x00000000d9a80000)
  to   space 5120K, 0% used [0x00000000d9080000,0x00000000d9080000,0x00000000d9580000)
 ParOldGen       total 73216K, used 18103K [0x0000000081600000, 0x0000000085d80000, 0x00000000d5d00000)
  object space 73216K, 24% used [0x0000000081600000,0x00000000827addd0,0x0000000085d80000)
 Metaspace       used 30815K, capacity 31112K, committed 31280K, reserved 1077248K
  class space    used 3731K, capacity 3845K, committed 3888K, reserved 1048576K
}
Event: 12.826 GC heap before
{Heap before GC invocations=6 (full 1):
 PSYoungGen      total 56832K, used 20214K [0x00000000d5d00000, 0x00000000d9a80000, 0x0000000100000000)
  eden space 51712K, 29% used [0x00000000d5d00000,0x00000000d6bc2ae8,0x00000000d8f80000)
  from space 5120K, 99% used [0x00000000d9580000,0x00000000d9a7afe0,0x00000000d9a80000)
  to   space 5120K, 0% used [0x00000000d9080000,0x00000000d9080000,0x00000000d9580000)
 ParOldGen       total 73216K, used 18103K [0x0000000081600000, 0x0000000085d80000, 0x00000000d5d00000)
  object space 73216K, 24% used [0x0000000081600000,0x00000000827addd0,0x0000000085d80000)
 Metaspace       used 34958K, capacity 35230K, committed 35496K, reserved 1081344K
  class space    used 4347K, capacity 4426K, committed 4528K, reserved 1048576K
Event: 12.836 GC heap after
Heap after GC invocations=6 (full 1):
 PSYoungGen      total 57856K, used 5105K [0x00000000d5d00000, 0x00000000dd380000, 0x0000000100000000)
  eden space 52736K, 0% used [0x00000000d5d00000,0x00000000d5d00000,0x00000000d9080000)
  from space 5120K, 99% used [0x00000000d9080000,0x00000000d957c608,0x00000000d9580000)
  to   space 22016K, 0% used [0x00000000dbe00000,0x00000000dbe00000,0x00000000dd380000)
 ParOldGen       total 73216K, used 20406K [0x0000000081600000, 0x0000000085d80000, 0x00000000d5d00000)
  object space 73216K, 27% used [0x0000000081600000,0x00000000829ed918,0x0000000085d80000)
 Metaspace       used 34958K, capacity 35230K, committed 35496K, reserved 1081344K
  class space    used 4347K, capacity 4426K, committed 4528K, reserved 1048576K
}
Event: 12.836 GC heap before
{Heap before GC invocations=7 (full 2):
 PSYoungGen      total 57856K, used 5105K [0x00000000d5d00000, 0x00000000dd380000, 0x0000000100000000)
  eden space 52736K, 0% used [0x00000000d5d00000,0x00000000d5d00000,0x00000000d9080000)
  from space 5120K, 99% used [0x00000000d9080000,0x00000000d957c608,0x00000000d9580000)
  to   space 22016K, 0% used [0x00000000dbe00000,0x00000000dbe00000,0x00000000dd380000)
 ParOldGen       total 73216K, used 20406K [0x0000000081600000, 0x0000000085d80000, 0x00000000d5d00000)
  object space 73216K, 27% used [0x0000000081600000,0x00000000829ed918,0x0000000085d80000)
 Metaspace       used 34958K, capacity 35230K, committed 35496K, reserved 1081344K
  class space    used 4347K, capacity 4426K, committed 4528K, reserved 1048576K
Event: 12.954 GC heap after
Heap after GC invocations=7 (full 2):
 PSYoungGen      total 57856K, used 0K [0x00000000d5d00000, 0x00000000dd380000, 0x0000000100000000)
  eden space 52736K, 0% used [0x00000000d5d00000,0x00000000d5d00000,0x00000000d9080000)
  from space 5120K, 0% used [0x00000000d9080000,0x00000000d9080000,0x00000000d9580000)
  to   space 22016K, 0% used [0x00000000dbe00000,0x00000000dbe00000,0x00000000dd380000)
 ParOldGen       total 108032K, used 16475K [0x0000000081600000, 0x0000000087f80000, 0x00000000d5d00000)
  object space 108032K, 15% used [0x0000000081600000,0x0000000082616cb8,0x0000000087f80000)
 Metaspace       used 34958K, capacity 35230K, committed 35496K, reserved 1081344K
  class space    used 4347K, capacity 4426K, committed 4528K, reserved 1048576K
}

