# JRE version: Java(TM) SE Runtime Environment (8.0_291-b10) (build 1.8.0_291-b10)
# Java VM: Java HotSpot(TM) 64-Bit Server VM (25.291-b10 mixed mode windows-amd64 compressed oops)
Heap:
 PSYoungGen      total 57856K, used 15531K [0x00000000d5d00000, 0x00000000dc900000, 0x0000000100000000)
  eden space 52736K, 29% used [0x00000000d5d00000,0x00000000d6c2ad68,0x00000000d9080000)
  from space 5120K, 0% used [0x00000000d9080000,0x00000000d9080000,0x00000000d9580000)
  to   space 17408K, 0% used [0x00000000db800000,0x00000000db800000,0x00000000dc900000)
 ParOldGen       total 98816K, used 16536K [0x0000000081600000, 0x0000000087680000, 0x00000000d5d00000)
  object space 98816K, 16% used [0x0000000081600000,0x0000000082626150,0x0000000087680000)
 Metaspace       used 36689K, capacity 36964K, committed 37160K, reserved 1081344K
  class space    used 4524K, capacity 4619K, committed 4656K, reserved 1048576K
GC Heap History (10 events):
Event: 3.981 GC heap before
{Heap before GC invocations=3 (full 1):
 PSYoungGen      total 38400K, used 5108K [0x00000000d5d00000, 0x00000000d8780000, 0x0000000100000000)
  eden space 33280K, 0% used [0x00000000d5d00000,0x00000000d5d00000,0x00000000d7d80000)
  from space 5120K, 99% used [0x00000000d8280000,0x00000000d877d1a0,0x00000000d8780000)
  to   space 5120K, 0% used [0x00000000d7d80000,0x00000000d7d80000,0x00000000d8280000)
 ParOldGen       total 87552K, used 15691K [0x0000000081600000, 0x0000000086b80000, 0x00000000d5d00000)
  object space 87552K, 17% used [0x0000000081600000,0x0000000082552e68,0x0000000086b80000)
 Metaspace       used 20955K, capacity 21168K, committed 21296K, reserved 1069056K
  class space    used 2505K, capacity 2581K, committed 2608K, reserved 1048576K
Event: 4.004 GC heap after
Heap after GC invocations=3 (full 1):
 PSYoungGen      total 38400K, used 0K [0x00000000d5d00000, 0x00000000d8780000, 0x0000000100000000)
  eden space 33280K, 0% used [0x00000000d5d00000,0x00000000d5d00000,0x00000000d7d80000)
  from space 5120K, 0% used [0x00000000d8280000,0x00000000d8280000,0x00000000d8780000)
  to   space 5120K, 0% used [0x00000000d7d80000,0x00000000d7d80000,0x00000000d8280000)
 ParOldGen       total 73216K, used 12635K [0x0000000081600000, 0x0000000085d80000, 0x00000000d5d00000)
  object space 73216K, 17% used [0x0000000081600000,0x0000000082256e28,0x0000000085d80000)
 Metaspace       used 20955K, capacity 21168K, committed 21296K, reserved 1069056K
  class space    used 2505K, capacity 2581K, committed 2608K, reserved 1048576K
}
Event: 4.801 GC heap before
{Heap before GC invocations=4 (full 1):
 PSYoungGen      total 38400K, used 33280K [0x00000000d5d00000, 0x00000000d8780000, 0x0000000100000000)
  eden space 33280K, 100% used [0x00000000d5d00000,0x00000000d7d80000,0x00000000d7d80000)
  from space 5120K, 0% used [0x00000000d8280000,0x00000000d8280000,0x00000000d8780000)
  to   space 5120K, 0% used [0x00000000d7d80000,0x00000000d7d80000,0x00000000d8280000)
 ParOldGen       total 73216K, used 12635K [0x0000000081600000, 0x0000000085d80000, 0x00000000d5d00000)
  object space 73216K, 17% used [0x0000000081600000,0x0000000082256e28,0x0000000085d80000)
 Metaspace       used 28352K, capacity 28594K, committed 28976K, reserved 1075200K
  class space    used 3409K, capacity 3522K, committed 3632K, reserved 1048576K
Event: 4.805 GC heap after
Heap after GC invocations=4 (full 1):
 PSYoungGen      total 38400K, used 5106K [0x00000000d5d00000, 0x00000000d9a80000, 0x0000000100000000)
  eden space 33280K, 0% used [0x00000000d5d00000,0x00000000d5d00000,0x00000000d7d80000)
  from space 5120K, 99% used [0x00000000d7d80000,0x00000000d827ca98,0x00000000d8280000)
  to   space 5120K, 0% used [0x00000000d9580000,0x00000000d9580000,0x00000000d9a80000)
 ParOldGen       total 73216K, used 14693K [0x0000000081600000, 0x0000000085d80000, 0x00000000d5d00000)
  object space 73216K, 20% used [0x0000000081600000,0x00000000824596b0,0x0000000085d80000)
 Metaspace       used 28352K, capacity 28594K, committed 28976K, reserved 1075200K
  class space    used 3409K, capacity 3522K, committed 3632K, reserved 1048576K
}
Event: 7.531 GC heap before
{Heap before GC invocations=5 (full 1):
 PSYoungGen      total 38400K, used 38386K [0x00000000d5d00000, 0x00000000d9a80000, 0x0000000100000000)
  eden space 33280K, 100% used [0x00000000d5d00000,0x00000000d7d80000,0x00000000d7d80000)
  from space 5120K, 99% used [0x00000000d7d80000,0x00000000d827ca98,0x00000000d8280000)
  to   space 5120K, 0% used [0x00000000d9580000,0x00000000d9580000,0x00000000d9a80000)
 ParOldGen       total 73216K, used 14693K [0x0000000081600000, 0x0000000085d80000, 0x00000000d5d00000)
  object space 73216K, 20% used [0x0000000081600000,0x00000000824596b0,0x0000000085d80000)
 Metaspace       used 30836K, capacity 31112K, committed 31280K, reserved 1077248K
  class space    used 3745K, capacity 3845K, committed 3888K, reserved 1048576K
Event: 7.541 GC heap after
Heap after GC invocations=5 (full 1):
 PSYoungGen      total 56320K, used 5115K [0x00000000d5d00000, 0x00000000d9a80000, 0x0000000100000000)
  eden space 51200K, 0% used [0x00000000d5d00000,0x00000000d5d00000,0x00000000d8f00000)
  from space 5120K, 99% used [0x00000000d9580000,0x00000000d9a7ef08,0x00000000d9a80000)
  to   space 5120K, 0% used [0x00000000d9080000,0x00000000d9080000,0x00000000d9580000)
 ParOldGen       total 73216K, used 17433K [0x0000000081600000, 0x0000000085d80000, 0x00000000d5d00000)
  object space 73216K, 23% used [0x0000000081600000,0x00000000827065d8,0x0000000085d80000)
 Metaspace       used 30836K, capacity 31112K, committed 31280K, reserved 1077248K
  class space    used 3745K, capacity 3845K, committed 3888K, reserved 1048576K
}
Event: 12.982 GC heap before
{Heap before GC invocations=6 (full 1):
 PSYoungGen      total 56320K, used 19957K [0x00000000d5d00000, 0x00000000d9a80000, 0x0000000100000000)
  eden space 51200K, 28% used [0x00000000d5d00000,0x00000000d6b7e8a0,0x00000000d8f00000)
  from space 5120K, 99% used [0x00000000d9580000,0x00000000d9a7ef08,0x00000000d9a80000)
  to   space 5120K, 0% used [0x00000000d9080000,0x00000000d9080000,0x00000000d9580000)
 ParOldGen       total 73216K, used 17433K [0x0000000081600000, 0x0000000085d80000, 0x00000000d5d00000)
  object space 73216K, 23% used [0x0000000081600000,0x00000000827065d8,0x0000000085d80000)
 Metaspace       used 34991K, capacity 35230K, committed 35496K, reserved 1081344K
  class space    used 4346K, capacity 4426K, committed 4528K, reserved 1048576K
Event: 12.987 GC heap after
Heap after GC invocations=6 (full 1):
 PSYoungGen      total 57856K, used 5094K [0x00000000d5d00000, 0x00000000dc900000, 0x0000000100000000)
  eden space 52736K, 0% used [0x00000000d5d00000,0x00000000d5d00000,0x00000000d9080000)
  from space 5120K, 99% used [0x00000000d9080000,0x00000000d9579858,0x00000000d9580000)
  to   space 17408K, 0% used [0x00000000db800000,0x00000000db800000,0x00000000dc900000)
 ParOldGen       total 73216K, used 19898K [0x0000000081600000, 0x0000000085d80000, 0x00000000d5d00000)
  object space 73216K, 27% used [0x0000000081600000,0x000000008296e838,0x0000000085d80000)
 Metaspace       used 34991K, capacity 35230K, committed 35496K, reserved 1081344K
  class space    used 4346K, capacity 4426K, committed 4528K, reserved 1048576K
}
Event: 12.987 GC heap before
{Heap before GC invocations=7 (full 2):
 PSYoungGen      total 57856K, used 5094K [0x00000000d5d00000, 0x00000000dc900000, 0x0000000100000000)
  eden space 52736K, 0% used [0x00000000d5d00000,0x00000000d5d00000,0x00000000d9080000)
  from space 5120K, 99% used [0x00000000d9080000,0x00000000d9579858,0x00000000d9580000)
  to   space 17408K, 0% used [0x00000000db800000,0x00000000db800000,0x00000000dc900000)
 ParOldGen       total 73216K, used 19898K [0x0000000081600000, 0x0000000085d80000, 0x00000000d5d00000)
  object space 73216K, 27% used [0x0000000081600000,0x000000008296e838,0x0000000085d80000)
 Metaspace       used 34991K, capacity 35230K, committed 35496K, reserved 1081344K
  class space    used 4346K, capacity 4426K, committed 4528K, reserved 1048576K
Event: 13.029 GC heap after
Heap after GC invocations=7 (full 2):
 PSYoungGen      total 57856K, used 0K [0x00000000d5d00000, 0x00000000dc900000, 0x0000000100000000)
  eden space 52736K, 0% used [0x00000000d5d00000,0x00000000d5d00000,0x00000000d9080000)
  from space 5120K, 0% used [0x00000000d9080000,0x00000000d9080000,0x00000000d9580000)
  to   space 17408K, 0% used [0x00000000db800000,0x00000000db800000,0x00000000dc900000)
 ParOldGen       total 98816K, used 16536K [0x0000000081600000, 0x0000000087680000, 0x00000000d5d00000)
  object space 98816K, 16% used [0x0000000081600000,0x0000000082626150,0x0000000087680000)
 Metaspace       used 34991K, capacity 35230K, committed 35496K, reserved 1081344K
  class space    used 4346K, capacity 4426K, committed 4528K, reserved 1048576K
}

