# JRE version: Java(TM) SE Runtime Environment (8.0_291-b10) (build 1.8.0_291-b10)
# Java VM: Java HotSpot(TM) 64-Bit Server VM (25.291-b10 mixed mode windows-amd64 compressed oops)
Heap:
 PSYoungGen      total 56832K, used 16616K [0x00000000d5d00000, 0x00000000dc500000, 0x0000000100000000)
  eden space 51712K, 32% used [0x00000000d5d00000,0x00000000d6d3a340,0x00000000d8f80000)
  from space 5120K, 0% used [0x00000000d8f80000,0x00000000d8f80000,0x00000000d9480000)
  to   space 17408K, 0% used [0x00000000db400000,0x00000000db400000,0x00000000dc500000)
 ParOldGen       total 102912K, used 16110K [0x0000000081600000, 0x0000000087a80000, 0x00000000d5d00000)
  object space 102912K, 15% used [0x0000000081600000,0x00000000825bb980,0x0000000087a80000)
 Metaspace       used 36862K, capacity 37162K, committed 37416K, reserved 1081344K
  class space    used 4536K, capacity 4620K, committed 4648K, reserved 1048576K
GC Heap History (10 events):
Event: 6.907 GC heap before
{Heap before GC invocations=3 (full 1):
 PSYoungGen      total 38400K, used 5092K [0x00000000d5d00000, 0x00000000d8780000, 0x0000000100000000)
  eden space 33280K, 0% used [0x00000000d5d00000,0x00000000d5d00000,0x00000000d7d80000)
  from space 5120K, 99% used [0x00000000d8280000,0x00000000d8779190,0x00000000d8780000)
  to   space 5120K, 0% used [0x00000000d7d80000,0x00000000d7d80000,0x00000000d8280000)
 ParOldGen       total 87552K, used 15738K [0x0000000081600000, 0x0000000086b80000, 0x00000000d5d00000)
  object space 87552K, 17% used [0x0000000081600000,0x000000008255e9f0,0x0000000086b80000)
 Metaspace       used 20998K, capacity 21232K, committed 21296K, reserved 1069056K
  class space    used 2488K, capacity 2581K, committed 2608K, reserved 1048576K
Event: 6.951 GC heap after
Heap after GC invocations=3 (full 1):
 PSYoungGen      total 38400K, used 0K [0x00000000d5d00000, 0x00000000d8780000, 0x0000000100000000)
  eden space 33280K, 0% used [0x00000000d5d00000,0x00000000d5d00000,0x00000000d7d80000)
  from space 5120K, 0% used [0x00000000d8280000,0x00000000d8280000,0x00000000d8780000)
  to   space 5120K, 0% used [0x00000000d7d80000,0x00000000d7d80000,0x00000000d8280000)
 ParOldGen       total 73728K, used 12651K [0x0000000081600000, 0x0000000085e00000, 0x00000000d5d00000)
  object space 73728K, 17% used [0x0000000081600000,0x000000008225ad98,0x0000000085e00000)
 Metaspace       used 20998K, capacity 21232K, committed 21296K, reserved 1069056K
  class space    used 2488K, capacity 2581K, committed 2608K, reserved 1048576K
}
Event: 8.498 GC heap before
{Heap before GC invocations=4 (full 1):
 PSYoungGen      total 38400K, used 33280K [0x00000000d5d00000, 0x00000000d8780000, 0x0000000100000000)
  eden space 33280K, 100% used [0x00000000d5d00000,0x00000000d7d80000,0x00000000d7d80000)
  from space 5120K, 0% used [0x00000000d8280000,0x00000000d8280000,0x00000000d8780000)
  to   space 5120K, 0% used [0x00000000d7d80000,0x00000000d7d80000,0x00000000d8280000)
 ParOldGen       total 73728K, used 12651K [0x0000000081600000, 0x0000000085e00000, 0x00000000d5d00000)
  object space 73728K, 17% used [0x0000000081600000,0x000000008225ad98,0x0000000085e00000)
 Metaspace       used 28418K, capacity 28722K, committed 28976K, reserved 1075200K
  class space    used 3408K, capacity 3522K, committed 3632K, reserved 1048576K
Event: 8.506 GC heap after
Heap after GC invocations=4 (full 1):
 PSYoungGen      total 38400K, used 5106K [0x00000000d5d00000, 0x00000000d9980000, 0x0000000100000000)
  eden space 33280K, 0% used [0x00000000d5d00000,0x00000000d5d00000,0x00000000d7d80000)
  from space 5120K, 99% used [0x00000000d7d80000,0x00000000d827cbb0,0x00000000d8280000)
  to   space 5120K, 0% used [0x00000000d9480000,0x00000000d9480000,0x00000000d9980000)
 ParOldGen       total 73728K, used 14793K [0x0000000081600000, 0x0000000085e00000, 0x00000000d5d00000)
  object space 73728K, 20% used [0x0000000081600000,0x00000000824727d0,0x0000000085e00000)
 Metaspace       used 28418K, capacity 28722K, committed 28976K, reserved 1075200K
  class space    used 3408K, capacity 3522K, committed 3632K, reserved 1048576K
}
Event: 14.476 GC heap before
{Heap before GC invocations=5 (full 1):
 PSYoungGen      total 38400K, used 38386K [0x00000000d5d00000, 0x00000000d9980000, 0x0000000100000000)
  eden space 33280K, 100% used [0x00000000d5d00000,0x00000000d7d80000,0x00000000d7d80000)
  from space 5120K, 99% used [0x00000000d7d80000,0x00000000d827cbb0,0x00000000d8280000)
  to   space 5120K, 0% used [0x00000000d9480000,0x00000000d9480000,0x00000000d9980000)
 ParOldGen       total 73728K, used 14793K [0x0000000081600000, 0x0000000085e00000, 0x00000000d5d00000)
  object space 73728K, 20% used [0x0000000081600000,0x00000000824727d0,0x0000000085e00000)
 Metaspace       used 31280K, capacity 31576K, committed 31920K, reserved 1077248K
  class space    used 3792K, capacity 3913K, committed 4016K, reserved 1048576K
Event: 14.481 GC heap after
Heap after GC invocations=5 (full 1):
 PSYoungGen      total 54784K, used 5113K [0x00000000d5d00000, 0x00000000d9980000, 0x0000000100000000)
  eden space 49664K, 0% used [0x00000000d5d00000,0x00000000d5d00000,0x00000000d8d80000)
  from space 5120K, 99% used [0x00000000d9480000,0x00000000d997e620,0x00000000d9980000)
  to   space 5120K, 0% used [0x00000000d8f80000,0x00000000d8f80000,0x00000000d9480000)
 ParOldGen       total 73728K, used 17327K [0x0000000081600000, 0x0000000085e00000, 0x00000000d5d00000)
  object space 73728K, 23% used [0x0000000081600000,0x00000000826ebfb0,0x0000000085e00000)
 Metaspace       used 31280K, capacity 31576K, committed 31920K, reserved 1077248K
  class space    used 3792K, capacity 3913K, committed 4016K, reserved 1048576K
}
Event: 19.391 GC heap before
{Heap before GC invocations=6 (full 1):
 PSYoungGen      total 54784K, used 19545K [0x00000000d5d00000, 0x00000000d9980000, 0x0000000100000000)
  eden space 49664K, 29% used [0x00000000d5d00000,0x00000000d6b18038,0x00000000d8d80000)
  from space 5120K, 99% used [0x00000000d9480000,0x00000000d997e620,0x00000000d9980000)
  to   space 5120K, 0% used [0x00000000d8f80000,0x00000000d8f80000,0x00000000d9480000)
 ParOldGen       total 73728K, used 17327K [0x0000000081600000, 0x0000000085e00000, 0x00000000d5d00000)
  object space 73728K, 23% used [0x0000000081600000,0x00000000826ebfb0,0x0000000085e00000)
 Metaspace       used 34903K, capacity 35204K, committed 35496K, reserved 1081344K
  class space    used 4331K, capacity 4459K, committed 4520K, reserved 1048576K
Event: 19.400 GC heap after
Heap after GC invocations=6 (full 1):
 PSYoungGen      total 56832K, used 5094K [0x00000000d5d00000, 0x00000000dc500000, 0x0000000100000000)
  eden space 51712K, 0% used [0x00000000d5d00000,0x00000000d5d00000,0x00000000d8f80000)
  from space 5120K, 99% used [0x00000000d8f80000,0x00000000d9479888,0x00000000d9480000)
  to   space 17408K, 0% used [0x00000000db400000,0x00000000db400000,0x00000000dc500000)
 ParOldGen       total 73728K, used 19428K [0x0000000081600000, 0x0000000085e00000, 0x00000000d5d00000)
  object space 73728K, 26% used [0x0000000081600000,0x00000000828f9198,0x0000000085e00000)
 Metaspace       used 34903K, capacity 35204K, committed 35496K, reserved 1081344K
  class space    used 4331K, capacity 4459K, committed 4520K, reserved 1048576K
}
Event: 19.401 GC heap before
{Heap before GC invocations=7 (full 2):
 PSYoungGen      total 56832K, used 5094K [0x00000000d5d00000, 0x00000000dc500000, 0x0000000100000000)
  eden space 51712K, 0% used [0x00000000d5d00000,0x00000000d5d00000,0x00000000d8f80000)
  from space 5120K, 99% used [0x00000000d8f80000,0x00000000d9479888,0x00000000d9480000)
  to   space 17408K, 0% used [0x00000000db400000,0x00000000db400000,0x00000000dc500000)
 ParOldGen       total 73728K, used 19428K [0x0000000081600000, 0x0000000085e00000, 0x00000000d5d00000)
  object space 73728K, 26% used [0x0000000081600000,0x00000000828f9198,0x0000000085e00000)
 Metaspace       used 34903K, capacity 35204K, committed 35496K, reserved 1081344K
  class space    used 4331K, capacity 4459K, committed 4520K, reserved 1048576K
Event: 19.480 GC heap after
Heap after GC invocations=7 (full 2):
 PSYoungGen      total 56832K, used 0K [0x00000000d5d00000, 0x00000000dc500000, 0x0000000100000000)
  eden space 51712K, 0% used [0x00000000d5d00000,0x00000000d5d00000,0x00000000d8f80000)
  from space 5120K, 0% used [0x00000000d8f80000,0x00000000d8f80000,0x00000000d9480000)
  to   space 17408K, 0% used [0x00000000db400000,0x00000000db400000,0x00000000dc500000)
 ParOldGen       total 102912K, used 16110K [0x0000000081600000, 0x0000000087a80000, 0x00000000d5d00000)
  object space 102912K, 15% used [0x0000000081600000,0x00000000825bb980,0x0000000087a80000)
 Metaspace       used 34903K, capacity 35204K, committed 35496K, reserved 1081344K
  class space    used 4331K, capacity 4459K, committed 4520K, reserved 1048576K
}

