# JRE version: Java(TM) SE Runtime Environment (8.0_291-b10) (build 1.8.0_291-b10)
# Java VM: Java HotSpot(TM) 64-Bit Server VM (25.291-b10 mixed mode windows-amd64 compressed oops)
Heap:
 PSYoungGen      total 59392K, used 15712K [0x00000000d5d00000, 0x00000000dd300000, 0x0000000100000000)
  eden space 54272K, 28% used [0x00000000d5d00000,0x00000000d6c58020,0x00000000d9200000)
  from space 5120K, 0% used [0x00000000d9200000,0x00000000d9200000,0x00000000d9700000)
  to   space 17408K, 0% used [0x00000000dc200000,0x00000000dc200000,0x00000000dd300000)
 ParOldGen       total 98816K, used 16531K [0x0000000081600000, 0x0000000087680000, 0x00000000d5d00000)
  object space 98816K, 16% used [0x0000000081600000,0x0000000082624eb0,0x0000000087680000)
 Metaspace       used 36655K, capacity 36964K, committed 37160K, reserved 1081344K
  class space    used 4525K, capacity 4619K, committed 4656K, reserved 1048576K
GC Heap History (10 events):
Event: 5.013 GC heap before
{Heap before GC invocations=3 (full 1):
 PSYoungGen      total 38400K, used 5108K [0x00000000d5d00000, 0x00000000d8780000, 0x0000000100000000)
  eden space 33280K, 0% used [0x00000000d5d00000,0x00000000d5d00000,0x00000000d7d80000)
  from space 5120K, 99% used [0x00000000d8280000,0x00000000d877d1a0,0x00000000d8780000)
  to   space 5120K, 0% used [0x00000000d7d80000,0x00000000d7d80000,0x00000000d8280000)
 ParOldGen       total 87552K, used 15716K [0x0000000081600000, 0x0000000086b80000, 0x00000000d5d00000)
  object space 87552K, 17% used [0x0000000081600000,0x0000000082559278,0x0000000086b80000)
 Metaspace       used 21025K, capacity 21232K, committed 21296K, reserved 1069056K
  class space    used 2490K, capacity 2581K, committed 2608K, reserved 1048576K
Event: 5.037 GC heap after
Heap after GC invocations=3 (full 1):
 PSYoungGen      total 38400K, used 0K [0x00000000d5d00000, 0x00000000d8780000, 0x0000000100000000)
  eden space 33280K, 0% used [0x00000000d5d00000,0x00000000d5d00000,0x00000000d7d80000)
  from space 5120K, 0% used [0x00000000d8280000,0x00000000d8280000,0x00000000d8780000)
  to   space 5120K, 0% used [0x00000000d7d80000,0x00000000d7d80000,0x00000000d8280000)
 ParOldGen       total 72192K, used 12649K [0x0000000081600000, 0x0000000085c80000, 0x00000000d5d00000)
  object space 72192K, 17% used [0x0000000081600000,0x000000008225a5e8,0x0000000085c80000)
 Metaspace       used 21025K, capacity 21232K, committed 21296K, reserved 1069056K
  class space    used 2490K, capacity 2581K, committed 2608K, reserved 1048576K
}
Event: 6.107 GC heap before
{Heap before GC invocations=4 (full 1):
 PSYoungGen      total 38400K, used 33280K [0x00000000d5d00000, 0x00000000d8780000, 0x0000000100000000)
  eden space 33280K, 100% used [0x00000000d5d00000,0x00000000d7d80000,0x00000000d7d80000)
  from space 5120K, 0% used [0x00000000d8280000,0x00000000d8280000,0x00000000d8780000)
  to   space 5120K, 0% used [0x00000000d7d80000,0x00000000d7d80000,0x00000000d8280000)
 ParOldGen       total 72192K, used 12649K [0x0000000081600000, 0x0000000085c80000, 0x00000000d5d00000)
  object space 72192K, 17% used [0x0000000081600000,0x000000008225a5e8,0x0000000085c80000)
 Metaspace       used 28447K, capacity 28726K, committed 28976K, reserved 1075200K
  class space    used 3411K, capacity 3522K, committed 3632K, reserved 1048576K
Event: 6.114 GC heap after
Heap after GC invocations=4 (full 1):
 PSYoungGen      total 38400K, used 5111K [0x00000000d5d00000, 0x00000000d9c00000, 0x0000000100000000)
  eden space 33280K, 0% used [0x00000000d5d00000,0x00000000d5d00000,0x00000000d7d80000)
  from space 5120K, 99% used [0x00000000d7d80000,0x00000000d827df20,0x00000000d8280000)
  to   space 5120K, 0% used [0x00000000d9700000,0x00000000d9700000,0x00000000d9c00000)
 ParOldGen       total 72192K, used 14763K [0x0000000081600000, 0x0000000085c80000, 0x00000000d5d00000)
  object space 72192K, 20% used [0x0000000081600000,0x000000008246ac18,0x0000000085c80000)
 Metaspace       used 28447K, capacity 28726K, committed 28976K, reserved 1075200K
  class space    used 3411K, capacity 3522K, committed 3632K, reserved 1048576K
}
Event: 7.393 GC heap before
{Heap before GC invocations=5 (full 1):
 PSYoungGen      total 38400K, used 38391K [0x00000000d5d00000, 0x00000000d9c00000, 0x0000000100000000)
  eden space 33280K, 100% used [0x00000000d5d00000,0x00000000d7d80000,0x00000000d7d80000)
  from space 5120K, 99% used [0x00000000d7d80000,0x00000000d827df20,0x00000000d8280000)
  to   space 5120K, 0% used [0x00000000d9700000,0x00000000d9700000,0x00000000d9c00000)
 ParOldGen       total 72192K, used 14763K [0x0000000081600000, 0x0000000085c80000, 0x00000000d5d00000)
  object space 72192K, 20% used [0x0000000081600000,0x000000008246ac18,0x0000000085c80000)
 Metaspace       used 30887K, capacity 31180K, committed 31536K, reserved 1077248K
  class space    used 3745K, capacity 3845K, committed 3888K, reserved 1048576K
Event: 7.403 GC heap after
Heap after GC invocations=5 (full 1):
 PSYoungGen      total 59392K, used 5107K [0x00000000d5d00000, 0x00000000d9c00000, 0x0000000100000000)
  eden space 54272K, 0% used [0x00000000d5d00000,0x00000000d5d00000,0x00000000d9200000)
  from space 5120K, 99% used [0x00000000d9700000,0x00000000d9bfcf10,0x00000000d9c00000)
  to   space 5120K, 0% used [0x00000000d9200000,0x00000000d9200000,0x00000000d9700000)
 ParOldGen       total 72192K, used 17724K [0x0000000081600000, 0x0000000085c80000, 0x00000000d5d00000)
  object space 72192K, 24% used [0x0000000081600000,0x000000008274f280,0x0000000085c80000)
 Metaspace       used 30887K, capacity 31180K, committed 31536K, reserved 1077248K
  class space    used 3745K, capacity 3845K, committed 3888K, reserved 1048576K
}
Event: 12.114 GC heap before
{Heap before GC invocations=6 (full 1):
 PSYoungGen      total 59392K, used 19413K [0x00000000d5d00000, 0x00000000d9c00000, 0x0000000100000000)
  eden space 54272K, 26% used [0x00000000d5d00000,0x00000000d6af8568,0x00000000d9200000)
  from space 5120K, 99% used [0x00000000d9700000,0x00000000d9bfcf10,0x00000000d9c00000)
  to   space 5120K, 0% used [0x00000000d9200000,0x00000000d9200000,0x00000000d9700000)
 ParOldGen       total 72192K, used 17724K [0x0000000081600000, 0x0000000085c80000, 0x00000000d5d00000)
  object space 72192K, 24% used [0x0000000081600000,0x000000008274f280,0x0000000085c80000)
 Metaspace       used 35012K, capacity 35262K, committed 35496K, reserved 1081344K
  class space    used 4352K, capacity 4458K, committed 4528K, reserved 1048576K
Event: 12.124 GC heap after
Heap after GC invocations=6 (full 1):
 PSYoungGen      total 59392K, used 5111K [0x00000000d5d00000, 0x00000000dd300000, 0x0000000100000000)
  eden space 54272K, 0% used [0x00000000d5d00000,0x00000000d5d00000,0x00000000d9200000)
  from space 5120K, 99% used [0x00000000d9200000,0x00000000d96fdc78,0x00000000d9700000)
  to   space 17408K, 0% used [0x00000000dc200000,0x00000000dc200000,0x00000000dd300000)
 ParOldGen       total 72192K, used 20074K [0x0000000081600000, 0x0000000085c80000, 0x00000000d5d00000)
  object space 72192K, 27% used [0x0000000081600000,0x000000008299a900,0x0000000085c80000)
 Metaspace       used 35012K, capacity 35262K, committed 35496K, reserved 1081344K
  class space    used 4352K, capacity 4458K, committed 4528K, reserved 1048576K
}
Event: 12.124 GC heap before
{Heap before GC invocations=7 (full 2):
 PSYoungGen      total 59392K, used 5111K [0x00000000d5d00000, 0x00000000dd300000, 0x0000000100000000)
  eden space 54272K, 0% used [0x00000000d5d00000,0x00000000d5d00000,0x00000000d9200000)
  from space 5120K, 99% used [0x00000000d9200000,0x00000000d96fdc78,0x00000000d9700000)
  to   space 17408K, 0% used [0x00000000dc200000,0x00000000dc200000,0x00000000dd300000)
 ParOldGen       total 72192K, used 20074K [0x0000000081600000, 0x0000000085c80000, 0x00000000d5d00000)
  object space 72192K, 27% used [0x0000000081600000,0x000000008299a900,0x0000000085c80000)
 Metaspace       used 35012K, capacity 35262K, committed 35496K, reserved 1081344K
  class space    used 4352K, capacity 4458K, committed 4528K, reserved 1048576K
Event: 12.202 GC heap after
Heap after GC invocations=7 (full 2):
 PSYoungGen      total 59392K, used 0K [0x00000000d5d00000, 0x00000000dd300000, 0x0000000100000000)
  eden space 54272K, 0% used [0x00000000d5d00000,0x00000000d5d00000,0x00000000d9200000)
  from space 5120K, 0% used [0x00000000d9200000,0x00000000d9200000,0x00000000d9700000)
  to   space 17408K, 0% used [0x00000000dc200000,0x00000000dc200000,0x00000000dd300000)
 ParOldGen       total 98816K, used 16531K [0x0000000081600000, 0x0000000087680000, 0x00000000d5d00000)
  object space 98816K, 16% used [0x0000000081600000,0x0000000082624eb0,0x0000000087680000)
 Metaspace       used 35012K, capacity 35262K, committed 35496K, reserved 1081344K
  class space    used 4352K, capacity 4458K, committed 4528K, reserved 1048576K
}

