# JRE version: Java(TM) SE Runtime Environment (8.0_291-b10) (build 1.8.0_291-b10)
# Java VM: Java HotSpot(TM) 64-Bit Server VM (25.291-b10 mixed mode windows-amd64 compressed oops)
Heap:
 PSYoungGen      total 82944K, used 10939K [0x00000000d5d00000, 0x00000000dc280000, 0x0000000100000000)
  eden space 62976K, 17% used [0x00000000d5d00000,0x00000000d67aeee8,0x00000000d9a80000)
  from space 19968K, 0% used [0x00000000dad80000,0x00000000dad80000,0x00000000dc100000)
  to   space 19456K, 0% used [0x00000000d9a80000,0x00000000d9a80000,0x00000000dad80000)
 ParOldGen       total 117760K, used 18576K [0x0000000081600000, 0x0000000088900000, 0x00000000d5d00000)
  object space 117760K, 15% used [0x0000000081600000,0x0000000082824300,0x0000000088900000)
 Metaspace       used 35968K, capacity 36260K, committed 36648K, reserved 1081344K
  class space    used 4451K, capacity 4555K, committed 4656K, reserved 1048576K
GC Heap History (10 events):
Event: 7.514 GC heap before
{Heap before GC invocations=5 (full 1):
 PSYoungGen      total 38400K, used 38395K [0x00000000d5d00000, 0x00000000d9480000, 0x0000000100000000)
  eden space 33280K, 100% used [0x00000000d5d00000,0x00000000d7d80000,0x00000000d7d80000)
  from space 5120K, 99% used [0x00000000d7d80000,0x00000000d827ece8,0x00000000d8280000)
  to   space 5120K, 0% used [0x00000000d8f80000,0x00000000d8f80000,0x00000000d9480000)
 ParOldGen       total 78848K, used 14850K [0x0000000081600000, 0x0000000086300000, 0x00000000d5d00000)
  object space 78848K, 18% used [0x0000000081600000,0x00000000824809d0,0x0000000086300000)
 Metaspace       used 30821K, capacity 31116K, committed 31280K, reserved 1077248K
  class space    used 3733K, capacity 3845K, committed 3888K, reserved 1048576K
Event: 7.523 GC heap after
Heap after GC invocations=5 (full 1):
 PSYoungGen      total 51712K, used 5106K [0x00000000d5d00000, 0x00000000d9480000, 0x0000000100000000)
  eden space 46592K, 0% used [0x00000000d5d00000,0x00000000d5d00000,0x00000000d8a80000)
  from space 5120K, 99% used [0x00000000d8f80000,0x00000000d947ca38,0x00000000d9480000)
  to   space 5120K, 0% used [0x00000000d8a80000,0x00000000d8a80000,0x00000000d8f80000)
 ParOldGen       total 78848K, used 17757K [0x0000000081600000, 0x0000000086300000, 0x00000000d5d00000)
  object space 78848K, 22% used [0x0000000081600000,0x0000000082757698,0x0000000086300000)
 Metaspace       used 30821K, capacity 31116K, committed 31280K, reserved 1077248K
  class space    used 3733K, capacity 3845K, committed 3888K, reserved 1048576K
}
Event: 13.280 GC heap before
{Heap before GC invocations=6 (full 1):
 PSYoungGen      total 51712K, used 18963K [0x00000000d5d00000, 0x00000000d9480000, 0x0000000100000000)
  eden space 46592K, 29% used [0x00000000d5d00000,0x00000000d6a88420,0x00000000d8a80000)
  from space 5120K, 99% used [0x00000000d8f80000,0x00000000d947ca38,0x00000000d9480000)
  to   space 5120K, 0% used [0x00000000d8a80000,0x00000000d8a80000,0x00000000d8f80000)
 ParOldGen       total 78848K, used 17757K [0x0000000081600000, 0x0000000086300000, 0x00000000d5d00000)
  object space 78848K, 22% used [0x0000000081600000,0x0000000082757698,0x0000000086300000)
 Metaspace       used 35021K, capacity 35262K, committed 35496K, reserved 1081344K
  class space    used 4355K, capacity 4458K, committed 4528K, reserved 1048576K
Event: 13.286 GC heap after
Heap after GC invocations=6 (full 1):
 PSYoungGen      total 51712K, used 5098K [0x00000000d5d00000, 0x00000000dc100000, 0x0000000100000000)
  eden space 46592K, 0% used [0x00000000d5d00000,0x00000000d5d00000,0x00000000d8a80000)
  from space 5120K, 99% used [0x00000000d8a80000,0x00000000d8f7aa20,0x00000000d8f80000)
  to   space 19968K, 0% used [0x00000000dad80000,0x00000000dad80000,0x00000000dc100000)
 ParOldGen       total 78848K, used 20112K [0x0000000081600000, 0x0000000086300000, 0x00000000d5d00000)
  object space 78848K, 25% used [0x0000000081600000,0x00000000829a4150,0x0000000086300000)
 Metaspace       used 35021K, capacity 35262K, committed 35496K, reserved 1081344K
  class space    used 4355K, capacity 4458K, committed 4528K, reserved 1048576K
}
Event: 13.286 GC heap before
{Heap before GC invocations=7 (full 2):
 PSYoungGen      total 51712K, used 5098K [0x00000000d5d00000, 0x00000000dc100000, 0x0000000100000000)
  eden space 46592K, 0% used [0x00000000d5d00000,0x00000000d5d00000,0x00000000d8a80000)
  from space 5120K, 99% used [0x00000000d8a80000,0x00000000d8f7aa20,0x00000000d8f80000)
  to   space 19968K, 0% used [0x00000000dad80000,0x00000000dad80000,0x00000000dc100000)
 ParOldGen       total 78848K, used 20112K [0x0000000081600000, 0x0000000086300000, 0x00000000d5d00000)
  object space 78848K, 25% used [0x0000000081600000,0x00000000829a4150,0x0000000086300000)
 Metaspace       used 35021K, capacity 35262K, committed 35496K, reserved 1081344K
  class space    used 4355K, capacity 4458K, committed 4528K, reserved 1048576K
Event: 13.339 GC heap after
Heap after GC invocations=7 (full 2):
 PSYoungGen      total 51712K, used 0K [0x00000000d5d00000, 0x00000000dc100000, 0x0000000100000000)
  eden space 46592K, 0% used [0x00000000d5d00000,0x00000000d5d00000,0x00000000d8a80000)
  from space 5120K, 0% used [0x00000000d8a80000,0x00000000d8a80000,0x00000000d8f80000)
  to   space 19968K, 0% used [0x00000000dad80000,0x00000000dad80000,0x00000000dc100000)
 ParOldGen       total 117760K, used 17406K [0x0000000081600000, 0x0000000088900000, 0x00000000d5d00000)
  object space 117760K, 14% used [0x0000000081600000,0x00000000826ff9c0,0x0000000088900000)
 Metaspace       used 35021K, capacity 35262K, committed 35496K, reserved 1081344K
  class space    used 4355K, capacity 4458K, committed 4528K, reserved 1048576K
}
Event: 15.898 GC heap before
{Heap before GC invocations=8 (full 2):
 PSYoungGen      total 51712K, used 10548K [0x00000000d5d00000, 0x00000000dc100000, 0x0000000100000000)
  eden space 46592K, 22% used [0x00000000d5d00000,0x00000000d674d2c0,0x00000000d8a80000)
  from space 5120K, 0% used [0x00000000d8a80000,0x00000000d8a80000,0x00000000d8f80000)
  to   space 19968K, 0% used [0x00000000dad80000,0x00000000dad80000,0x00000000dc100000)
 ParOldGen       total 117760K, used 17406K [0x0000000081600000, 0x0000000088900000, 0x00000000d5d00000)
  object space 117760K, 14% used [0x0000000081600000,0x00000000826ff9c0,0x0000000088900000)
 Metaspace       used 35431K, capacity 35742K, committed 36008K, reserved 1081344K
  class space    used 4383K, capacity 4490K, committed 4528K, reserved 1048576K
Event: 15.903 GC heap after
Heap after GC invocations=8 (full 2):
 PSYoungGen      total 82944K, used 5941K [0x00000000d5d00000, 0x00000000dc280000, 0x0000000100000000)
  eden space 62976K, 0% used [0x00000000d5d00000,0x00000000d5d00000,0x00000000d9a80000)
  from space 19968K, 29% used [0x00000000dad80000,0x00000000db34d6f0,0x00000000dc100000)
  to   space 19456K, 0% used [0x00000000d9a80000,0x00000000d9a80000,0x00000000dad80000)
 ParOldGen       total 117760K, used 17414K [0x0000000081600000, 0x0000000088900000, 0x00000000d5d00000)
  object space 117760K, 14% used [0x0000000081600000,0x00000000827019c0,0x0000000088900000)
 Metaspace       used 35431K, capacity 35742K, committed 36008K, reserved 1081344K
  class space    used 4383K, capacity 4490K, committed 4528K, reserved 1048576K
}
Event: 15.903 GC heap before
{Heap before GC invocations=9 (full 3):
 PSYoungGen      total 82944K, used 5941K [0x00000000d5d00000, 0x00000000dc280000, 0x0000000100000000)
  eden space 62976K, 0% used [0x00000000d5d00000,0x00000000d5d00000,0x00000000d9a80000)
  from space 19968K, 29% used [0x00000000dad80000,0x00000000db34d6f0,0x00000000dc100000)
  to   space 19456K, 0% used [0x00000000d9a80000,0x00000000d9a80000,0x00000000dad80000)
 ParOldGen       total 117760K, used 17414K [0x0000000081600000, 0x0000000088900000, 0x00000000d5d00000)
  object space 117760K, 14% used [0x0000000081600000,0x00000000827019c0,0x0000000088900000)
 Metaspace       used 35431K, capacity 35742K, committed 36008K, reserved 1081344K
  class space    used 4383K, capacity 4490K, committed 4528K, reserved 1048576K
Event: 16.029 GC heap after
Heap after GC invocations=9 (full 3):
 PSYoungGen      total 82944K, used 0K [0x00000000d5d00000, 0x00000000dc280000, 0x0000000100000000)
  eden space 62976K, 0% used [0x00000000d5d00000,0x00000000d5d00000,0x00000000d9a80000)
  from space 19968K, 0% used [0x00000000dad80000,0x00000000dad80000,0x00000000dc100000)
  to   space 19456K, 0% used [0x00000000d9a80000,0x00000000d9a80000,0x00000000dad80000)
 ParOldGen       total 117760K, used 18576K [0x0000000081600000, 0x0000000088900000, 0x00000000d5d00000)
  object space 117760K, 15% used [0x0000000081600000,0x0000000082824300,0x0000000088900000)
 Metaspace       used 35431K, capacity 35742K, committed 36008K, reserved 1081344K
  class space    used 4383K, capacity 4490K, committed 4528K, reserved 1048576K
}

